0 info it worked if it ends with ok
1 verbose cli [ '/usr/local/bin/node',
1 verbose cli   '/usr/local/bin/npm',
1 verbose cli   'install',
1 verbose cli   'execxi',
1 verbose cli   '--save' ]
2 info using npm@4.0.3
3 info using node@v7.2.0
4 silly loadCurrentTree Starting
5 silly install loadCurrentTree
6 silly install readLocalPackageData
7 silly fetchPackageMetaData execxi
8 silly fetchNamedPackageData execxi
9 silly mapToRegistry name execxi
10 silly mapToRegistry using default registry
11 silly mapToRegistry registry https://registry.npmjs.org/
12 silly mapToRegistry data Result {
12 silly mapToRegistry   raw: 'execxi',
12 silly mapToRegistry   scope: null,
12 silly mapToRegistry   escapedName: 'execxi',
12 silly mapToRegistry   name: 'execxi',
12 silly mapToRegistry   rawSpec: '',
12 silly mapToRegistry   spec: 'latest',
12 silly mapToRegistry   type: 'tag' }
13 silly mapToRegistry uri https://registry.npmjs.org/execxi
14 verbose request uri https://registry.npmjs.org/execxi
15 verbose request no auth needed
16 info attempt registry request try #1 at 11:01:33 AM
17 verbose request using bearer token for auth
18 verbose request id 6f42d5a453e9f019
19 http request GET https://registry.npmjs.org/execxi
20 http 200 https://registry.npmjs.org/execxi
21 verbose headers { server: 'nginx/1.10.1',
21 verbose headers   'content-type': 'application/json',
21 verbose headers   'last-modified': 'Sun, 24 Aug 2014 21:06:14 GMT',
21 verbose headers   etag: 'W/"53fa53c6-a7cd"',
21 verbose headers   'content-encoding': 'gzip',
21 verbose headers   'cache-control': 'max-age=300',
21 verbose headers   'transfer-encoding': 'chunked',
21 verbose headers   'accept-ranges': 'bytes',
21 verbose headers   date: 'Fri, 17 Mar 2017 18:01:33 GMT',
21 verbose headers   via: '1.1 varnish',
21 verbose headers   connection: 'keep-alive',
21 verbose headers   'x-served-by': 'cache-lax8621-LAX',
21 verbose headers   'x-cache': 'MISS',
21 verbose headers   'x-cache-hits': '0',
21 verbose headers   'x-timer': 'S1489773693.587310,VS0,VE58',
21 verbose headers   vary: 'Accept-Encoding' }
22 silly get cb [ 200,
22 silly get   { server: 'nginx/1.10.1',
22 silly get     'content-type': 'application/json',
22 silly get     'last-modified': 'Sun, 24 Aug 2014 21:06:14 GMT',
22 silly get     etag: 'W/"53fa53c6-a7cd"',
22 silly get     'content-encoding': 'gzip',
22 silly get     'cache-control': 'max-age=300',
22 silly get     'transfer-encoding': 'chunked',
22 silly get     'accept-ranges': 'bytes',
22 silly get     date: 'Fri, 17 Mar 2017 18:01:33 GMT',
22 silly get     via: '1.1 varnish',
22 silly get     connection: 'keep-alive',
22 silly get     'x-served-by': 'cache-lax8621-LAX',
22 silly get     'x-cache': 'MISS',
22 silly get     'x-cache-hits': '0',
22 silly get     'x-timer': 'S1489773693.587310,VS0,VE58',
22 silly get     vary: 'Accept-Encoding' } ]
23 verbose get saving execxi to /Users/phillipchan/.npm/registry.npmjs.org/execxi/.cache.json
24 verbose correctMkdir /Users/phillipchan/.npm correctMkdir not in flight; initializing
25 silly install normalizeTree
26 silly loadCurrentTree Finishing
27 silly loadIdealTree Starting
28 silly install loadIdealTree
29 silly cloneCurrentTree Starting
30 silly install cloneCurrentTreeToIdealTree
31 silly cloneCurrentTree Finishing
32 silly loadShrinkwrap Starting
33 silly install loadShrinkwrap
34 silly loadShrinkwrap Finishing
35 silly loadAllDepsIntoIdealTree Starting
36 silly install loadAllDepsIntoIdealTree
37 silly resolveWithNewModule execxi@1.3.2 checking installable status
38 silly cache add args [ 'execxi', null ]
39 verbose cache add spec execxi
40 silly cache add parsed spec Result {
40 silly cache add   raw: 'execxi',
40 silly cache add   scope: null,
40 silly cache add   escapedName: 'execxi',
40 silly cache add   name: 'execxi',
40 silly cache add   rawSpec: '',
40 silly cache add   spec: 'latest',
40 silly cache add   type: 'tag' }
41 silly addNamed execxi@latest
42 verbose addNamed "latest" is being treated as a dist-tag for execxi
43 info addNameTag [ 'execxi', 'latest' ]
44 silly mapToRegistry name execxi
45 silly mapToRegistry using default registry
46 silly mapToRegistry registry https://registry.npmjs.org/
47 silly mapToRegistry data Result {
47 silly mapToRegistry   raw: 'execxi',
47 silly mapToRegistry   scope: null,
47 silly mapToRegistry   escapedName: 'execxi',
47 silly mapToRegistry   name: 'execxi',
47 silly mapToRegistry   rawSpec: '',
47 silly mapToRegistry   spec: 'latest',
47 silly mapToRegistry   type: 'tag' }
48 silly mapToRegistry uri https://registry.npmjs.org/execxi
49 verbose addNameTag registry:https://registry.npmjs.org/execxi not in flight; fetching
50 verbose get https://registry.npmjs.org/execxi not expired, no request
51 silly addNameTag next cb for execxi with tag latest
52 silly addNamed execxi@1.3.2
53 verbose addNamed "1.3.2" is a plain semver version for execxi
54 silly mapToRegistry name execxi
55 silly mapToRegistry using default registry
56 silly mapToRegistry registry https://registry.npmjs.org/
57 silly mapToRegistry data Result {
57 silly mapToRegistry   raw: 'execxi',
57 silly mapToRegistry   scope: null,
57 silly mapToRegistry   escapedName: 'execxi',
57 silly mapToRegistry   name: 'execxi',
57 silly mapToRegistry   rawSpec: '',
57 silly mapToRegistry   spec: 'latest',
57 silly mapToRegistry   type: 'tag' }
58 silly mapToRegistry uri https://registry.npmjs.org/execxi
59 verbose addRemoteTarball https://registry.npmjs.org/execxi/-/execxi-1.3.2.tgz not in flight; adding
60 verbose addRemoteTarball [ 'https://registry.npmjs.org/execxi/-/execxi-1.3.2.tgz',
60 verbose addRemoteTarball   'a2b3d6fb6ea43a3ff9235d5c3e7e8d837a96d0af' ]
61 info retry fetch attempt 1 at 11:01:34 AM
62 info attempt registry request try #1 at 11:01:34 AM
63 http fetch GET https://registry.npmjs.org/execxi/-/execxi-1.3.2.tgz
64 verbose request using bearer token for auth
65 http fetch 200 https://registry.npmjs.org/execxi/-/execxi-1.3.2.tgz
66 silly fetchAndShaCheck shasum a2b3d6fb6ea43a3ff9235d5c3e7e8d837a96d0af
67 verbose addTmpTarball /var/folders/mk/5_xz64n94hnbg1cdd2cpy7jh0000gn/T/npm-59410-4146a9fe/registry.npmjs.org/execxi/-/execxi-1.3.2.tgz not in flight; adding
68 verbose addTmpTarball already have metadata; skipping unpack for execxi@1.3.2
69 verbose correctMkdir /Users/phillipchan/.npm correctMkdir not in flight; initializing
70 silly cache afterAdd execxi@1.3.2
71 verbose afterAdd /Users/phillipchan/.npm/execxi/1.3.2/package/package.json not in flight; writing
72 verbose correctMkdir /Users/phillipchan/.npm correctMkdir not in flight; initializing
73 verbose afterAdd /Users/phillipchan/.npm/execxi/1.3.2/package/package.json written
74 silly loadAllDepsIntoIdealTree Finishing
75 silly loadIdealTree Finishing
76 silly currentTree generator-sss@0.0.0
76 silly currentTree ├── abbrev@1.0.9
76 silly currentTree ├─┬ acorn-jsx@3.0.1
76 silly currentTree │ └── acorn@3.3.0
76 silly currentTree ├── acorn@4.0.4
76 silly currentTree ├── ajv-keywords@1.5.1
76 silly currentTree ├── ajv@4.11.5
76 silly currentTree ├── align-text@0.1.4
76 silly currentTree ├── amdefine@1.0.1
76 silly currentTree ├── ansi-escapes@1.4.0
76 silly currentTree ├── ansi-regex@2.1.1
76 silly currentTree ├── ansi-styles@2.2.1
76 silly currentTree ├── archy@1.0.0
76 silly currentTree ├── argparse@1.0.9
76 silly currentTree ├── arr-diff@2.0.0
76 silly currentTree ├── arr-flatten@1.0.1
76 silly currentTree ├── array-differ@1.0.0
76 silly currentTree ├── array-find-index@1.0.2
76 silly currentTree ├── array-union@1.0.2
76 silly currentTree ├── array-uniq@1.0.3
76 silly currentTree ├── array-unique@0.2.1
76 silly currentTree ├── arrify@1.0.1
76 silly currentTree ├── asn1@0.2.3
76 silly currentTree ├── assert-plus@0.2.0
76 silly currentTree ├─┬ ast-query@2.0.0
76 silly currentTree │ ├── escodegen-wallaby@1.6.10
76 silly currentTree │ ├── esprima@2.7.3
76 silly currentTree │ └── estraverse@1.9.3
76 silly currentTree ├── async@2.1.5
76 silly currentTree ├── asynckit@0.4.0
76 silly currentTree ├── aws-sign2@0.6.0
76 silly currentTree ├── aws4@1.6.0
76 silly currentTree ├── babel-code-frame@6.22.0
76 silly currentTree ├── balanced-match@0.4.2
76 silly currentTree ├── bcrypt-pbkdf@1.0.1
76 silly currentTree ├── beeper@1.1.1
76 silly currentTree ├── binaryextensions@2.0.0
76 silly currentTree ├── boolbase@1.0.0
76 silly currentTree ├── boom@2.10.1
76 silly currentTree ├── brace-expansion@1.1.6
76 silly currentTree ├── braces@1.8.5
76 silly currentTree ├── browser-stdout@1.3.0
76 silly currentTree ├── buffer-shims@1.0.0
76 silly currentTree ├── bufferstreams@1.1.1
76 silly currentTree ├── builtin-modules@1.1.1
76 silly currentTree ├── caller-path@0.1.0
76 silly currentTree ├── callsites@0.2.0
76 silly currentTree ├─┬ camelcase-keys@2.1.0
76 silly currentTree │ └── camelcase@2.1.1
76 silly currentTree ├── camelcase@1.2.1
76 silly currentTree ├── capture-stack-trace@1.0.0
76 silly currentTree ├── caseless@0.11.0
76 silly currentTree ├── center-align@0.1.3
76 silly currentTree ├── chalk@1.1.3
76 silly currentTree ├─┬ cheerio@0.19.0
76 silly currentTree │ └── lodash@3.10.1
76 silly currentTree ├── circular-json@0.3.1
76 silly currentTree ├── class-extend@0.1.2
76 silly currentTree ├── cli-boxes@1.0.0
76 silly currentTree ├── cli-cursor@1.0.2
76 silly currentTree ├── cli-table@0.3.1
76 silly currentTree ├── cli-width@2.1.0
76 silly currentTree ├─┬ cliui@2.1.0
76 silly currentTree │ └── wordwrap@0.0.2
76 silly currentTree ├── clone-buffer@1.0.0
76 silly currentTree ├── clone-stats@1.0.0
76 silly currentTree ├── clone@1.0.2
76 silly currentTree ├── cloneable-readable@1.0.0
76 silly currentTree ├── co@4.6.0
76 silly currentTree ├── code-point-at@1.1.0
76 silly currentTree ├── coffee-script@1.12.4
76 silly currentTree ├── colors@1.0.3
76 silly currentTree ├── combined-stream@1.0.5
76 silly currentTree ├── commander@2.9.0
76 silly currentTree ├── commondir@1.0.1
76 silly currentTree ├── concat-map@0.0.1
76 silly currentTree ├── concat-stream@1.6.0
76 silly currentTree ├── core-util-is@1.0.2
76 silly currentTree ├─┬ coveralls@2.12.0
76 silly currentTree │ ├── esprima@2.7.3
76 silly currentTree │ └── js-yaml@3.6.1
76 silly currentTree ├── create-error-class@3.0.2
76 silly currentTree ├── cross-spawn@5.1.0
76 silly currentTree ├── cryptiles@2.0.5
76 silly currentTree ├── css-select@1.0.0
76 silly currentTree ├── css-what@1.0.0
76 silly currentTree ├── currently-unhandled@0.4.1
76 silly currentTree ├── d@1.0.0
76 silly currentTree ├── dargs@5.1.0
76 silly currentTree ├─┬ dashdash@1.14.1
76 silly currentTree │ └── assert-plus@1.0.0
76 silly currentTree ├── dateformat@2.0.0
76 silly currentTree ├── debug@2.6.3
76 silly currentTree ├── decamelize@1.2.0
76 silly currentTree ├── deep-extend@0.4.1
76 silly currentTree ├── deep-is@0.1.3
76 silly currentTree ├── defaults@1.0.3
76 silly currentTree ├─┬ del@2.2.2
76 silly currentTree │ ├── globby@5.0.0
76 silly currentTree │ └── object-assign@4.1.1
76 silly currentTree ├── delayed-stream@1.0.0
76 silly currentTree ├── deprecated@0.0.1
76 silly currentTree ├── detect-conflict@1.0.1
76 silly currentTree ├── detect-file@0.1.0
76 silly currentTree ├── detect-newline@1.0.3
76 silly currentTree ├── diff@2.2.3
76 silly currentTree ├── doctrine@1.5.0
76 silly currentTree ├─┬ dom-serializer@0.1.0
76 silly currentTree │ └── domelementtype@1.1.3
76 silly currentTree ├── domelementtype@1.3.0
76 silly currentTree ├── domhandler@2.3.0
76 silly currentTree ├── domutils@1.4.3
76 silly currentTree ├─┬ duplexer2@0.0.2
76 silly currentTree │ ├── isarray@0.0.1
76 silly currentTree │ └── readable-stream@1.1.14
76 silly currentTree ├── duplexer3@0.1.4
76 silly currentTree ├── ecc-jsbn@0.1.1
76 silly currentTree ├── editions@1.3.3
76 silly currentTree ├── ejs@2.5.6
76 silly currentTree ├─┬ end-of-stream@0.1.5
76 silly currentTree │ └── once@1.3.3
76 silly currentTree ├── entities@1.1.1
76 silly currentTree ├── error-ex@1.3.1
76 silly currentTree ├── error@7.0.2
76 silly currentTree ├── es5-ext@0.10.14
76 silly currentTree ├── es6-iterator@2.0.1
76 silly currentTree ├── es6-map@0.1.5
76 silly currentTree ├── es6-set@0.1.5
76 silly currentTree ├── es6-symbol@3.1.1
76 silly currentTree ├── es6-weak-map@2.0.2
76 silly currentTree ├── escape-string-regexp@1.0.5
76 silly currentTree ├─┬ escodegen@1.8.1
76 silly currentTree │ ├── esprima@2.7.3
76 silly currentTree │ └── estraverse@1.9.3
76 silly currentTree ├── escope@3.6.0
76 silly currentTree ├── eslint-config-xo-space@0.15.0
76 silly currentTree ├── eslint-config-xo@0.17.0
76 silly currentTree ├─┬ eslint@3.17.1
76 silly currentTree │ ├── inquirer@0.12.0
76 silly currentTree │ └── run-async@0.1.0
76 silly currentTree ├── espree@3.4.0
76 silly currentTree ├── esprima@3.1.3
76 silly currentTree ├─┬ esrecurse@4.1.0
76 silly currentTree │ ├── estraverse@4.1.1
76 silly currentTree │ └── object-assign@4.1.1
76 silly currentTree ├── estraverse@4.2.0
76 silly currentTree ├── esutils@2.0.2
76 silly currentTree ├── event-emitter@0.3.5
76 silly currentTree ├── exit-hook@1.1.1
76 silly currentTree ├── expand-brackets@0.1.5
76 silly currentTree ├── expand-range@1.8.2
76 silly currentTree ├── expand-tilde@1.2.2
76 silly currentTree ├── extend@3.0.0
76 silly currentTree ├── external-editor@1.1.1
76 silly currentTree ├── extglob@0.3.2
76 silly currentTree ├── extsprintf@1.0.2
76 silly currentTree ├── fancy-log@1.3.0
76 silly currentTree ├── fast-levenshtein@2.0.6
76 silly currentTree ├─┬ figures@1.7.0
76 silly currentTree │ └── object-assign@4.1.1
76 silly currentTree ├─┬ file-entry-cache@2.0.0
76 silly currentTree │ └── object-assign@4.1.1
76 silly currentTree ├── filename-regex@2.0.0
76 silly currentTree ├─┬ fileset@0.2.1
76 silly currentTree │ ├── glob@5.0.15
76 silly currentTree │ └── minimatch@2.0.10
76 silly currentTree ├── fill-range@2.2.3
76 silly currentTree ├── find-index@0.1.1
76 silly currentTree ├── find-up@2.1.0
76 silly currentTree ├── findup-sync@0.4.3
76 silly currentTree ├── fined@1.0.2
76 silly currentTree ├── first-chunk-stream@2.0.0
76 silly currentTree ├── flagged-respawn@0.3.2
76 silly currentTree ├── flat-cache@1.2.2
76 silly currentTree ├── for-in@1.0.2
76 silly currentTree ├── for-own@0.1.5
76 silly currentTree ├── forever-agent@0.6.1
76 silly currentTree ├── form-data@2.1.2
76 silly currentTree ├── formatio@1.1.1
76 silly currentTree ├── fs-exists-sync@0.1.0
76 silly currentTree ├── fs.realpath@1.0.0
76 silly currentTree ├── gaze@0.5.2
76 silly currentTree ├── generate-function@2.0.0
76 silly currentTree ├── generate-object-property@1.2.0
76 silly currentTree ├── get-stdin@4.0.1
76 silly currentTree ├── get-stream@3.0.0
76 silly currentTree ├─┬ getpass@0.1.6
76 silly currentTree │ └── assert-plus@1.0.0
76 silly currentTree ├── gh-got@5.0.0
76 silly currentTree ├── github-username@3.0.0
76 silly currentTree ├── glob-base@0.3.0
76 silly currentTree ├── glob-parent@2.0.0
76 silly currentTree ├─┬ glob-stream@3.1.18
76 silly currentTree │ ├── glob@4.5.3
76 silly currentTree │ ├── isarray@0.0.1
76 silly currentTree │ ├── minimatch@2.0.10
76 silly currentTree │ ├── readable-stream@1.0.34
76 silly currentTree │ └── through2@0.6.5
76 silly currentTree ├── glob-watcher@0.0.6
76 silly currentTree ├── glob@7.1.1
76 silly currentTree ├── glob2base@0.0.12
76 silly currentTree ├── global-modules@0.2.3
76 silly currentTree ├── global-prefix@0.1.5
76 silly currentTree ├── globals@9.16.0
76 silly currentTree ├─┬ globby@6.1.0
76 silly currentTree │ └── object-assign@4.1.1
76 silly currentTree ├─┬ globule@0.1.0
76 silly currentTree │ ├── glob@3.1.21
76 silly currentTree │ ├── graceful-fs@1.2.3
76 silly currentTree │ ├── inherits@1.0.2
76 silly currentTree │ ├── lodash@1.0.2
76 silly currentTree │ ├── lru-cache@2.7.3
76 silly currentTree │ └── minimatch@0.2.14
76 silly currentTree ├── glogg@1.0.0
76 silly currentTree ├── got@6.7.1
76 silly currentTree ├── graceful-fs@4.1.11
76 silly currentTree ├── graceful-readlink@1.0.1
76 silly currentTree ├── grouped-queue@0.3.3
76 silly currentTree ├── growl@1.9.2
76 silly currentTree ├── gruntfile-editor@1.2.1
76 silly currentTree ├─┬ gulp-coveralls@0.1.4
76 silly currentTree │ ├── isarray@0.0.1
76 silly currentTree │ ├── readable-stream@1.1.14
76 silly currentTree │ └── through2@1.1.1
76 silly currentTree ├── gulp-eslint@3.0.1
76 silly currentTree ├── gulp-exclude-gitignore@1.1.1
76 silly currentTree ├── gulp-ignore@2.0.2
76 silly currentTree ├── gulp-istanbul@1.1.1
76 silly currentTree ├── gulp-line-ending-corrector@1.0.1
76 silly currentTree ├── gulp-match@1.0.3
76 silly currentTree ├── gulp-mocha@3.0.1
76 silly currentTree ├─┬ gulp-nsp@2.4.2
76 silly currentTree │ ├─┬ gulp-util@3.0.7
76 silly currentTree │ │ ├── array-differ@1.0.0
76 silly currentTree │ │ ├── array-uniq@1.0.2
76 silly currentTree │ │ ├── beeper@1.1.0
76 silly currentTree │ │ ├─┬ chalk@1.1.3
76 silly currentTree │ │ │ ├── ansi-styles@2.2.1
76 silly currentTree │ │ │ ├── escape-string-regexp@1.0.5
76 silly currentTree │ │ │ ├─┬ has-ansi@2.0.0
76 silly currentTree │ │ │ │ └── ansi-regex@2.0.0
76 silly currentTree │ │ │ ├─┬ strip-ansi@3.0.1
76 silly currentTree │ │ │ │ └── ansi-regex@2.0.0
76 silly currentTree │ │ │ └── supports-color@2.0.0
76 silly currentTree │ │ ├─┬ dateformat@1.0.12
76 silly currentTree │ │ │ ├── get-stdin@4.0.1
76 silly currentTree │ │ │ └─┬ meow@3.7.0
76 silly currentTree │ │ │   ├─┬ camelcase-keys@2.1.0
76 silly currentTree │ │ │   │ └── camelcase@2.1.1
76 silly currentTree │ │ │   ├── decamelize@1.2.0
76 silly currentTree │ │ │   ├─┬ loud-rejection@1.3.0
76 silly currentTree │ │ │   │ ├── array-find-index@1.0.1
76 silly currentTree │ │ │   │ └── signal-exit@2.1.2
76 silly currentTree │ │ │   ├── map-obj@1.0.1
76 silly currentTree │ │ │   ├─┬ normalize-package-data@2.3.5
76 silly currentTree │ │ │   │ ├── hosted-git-info@2.1.4
76 silly currentTree │ │ │   │ ├─┬ is-builtin-module@1.0.0
76 silly currentTree │ │ │   │ │ └── builtin-modules@1.1.1
76 silly currentTree │ │ │   │ ├── semver@5.1.0
76 silly currentTree │ │ │   │ └─┬ validate-npm-package-license@3.0.1
76 silly currentTree │ │ │   │   ├─┬ spdx-correct@1.0.2
76 silly currentTree │ │ │   │   │ └── spdx-license-ids@1.2.0
76 silly currentTree │ │ │   │   └─┬ spdx-expression-parse@1.0.2
76 silly currentTree │ │ │   │     ├── spdx-exceptions@1.0.4
76 silly currentTree │ │ │   │     └── spdx-license-ids@1.2.0
76 silly currentTree │ │ │   ├── object-assign@4.0.1
76 silly currentTree │ │ │   ├─┬ read-pkg-up@1.0.1
76 silly currentTree │ │ │   │ ├─┬ find-up@1.1.2
76 silly currentTree │ │ │   │ │ ├── path-exists@2.1.0
76 silly currentTree │ │ │   │ │ └─┬ pinkie-promise@2.0.0
76 silly currentTree │ │ │   │ │   └── pinkie@2.0.4
76 silly currentTree │ │ │   │ └─┬ read-pkg@1.1.0
76 silly currentTree │ │ │   │   ├─┬ load-json-file@1.1.0
76 silly currentTree │ │ │   │   │ ├── graceful-fs@4.1.3
76 silly currentTree │ │ │   │   │ ├─┬ parse-json@2.2.0
76 silly currentTree │ │ │   │   │ │ └─┬ error-ex@1.3.0
76 silly currentTree │ │ │   │   │ │   └── is-arrayish@0.2.1
76 silly currentTree │ │ │   │   │ ├── pify@2.3.0
76 silly currentTree │ │ │   │   │ ├─┬ pinkie-promise@2.0.0
76 silly currentTree │ │ │   │   │ │ └── pinkie@2.0.4
76 silly currentTree │ │ │   │   │ └─┬ strip-bom@2.0.0
76 silly currentTree │ │ │   │   │   └── is-utf8@0.2.1
76 silly currentTree │ │ │   │   └─┬ path-type@1.1.0
76 silly currentTree │ │ │   │     ├── graceful-fs@4.1.3
76 silly currentTree │ │ │   │     ├── pify@2.3.0
76 silly currentTree │ │ │   │     └─┬ pinkie-promise@2.0.0
76 silly currentTree │ │ │   │       └── pinkie@2.0.4
76 silly currentTree │ │ │   ├─┬ redent@1.0.0
76 silly currentTree │ │ │   │ ├─┬ indent-string@2.1.0
76 silly currentTree │ │ │   │ │ └─┬ repeating@2.0.0
76 silly currentTree │ │ │   │ │   └─┬ is-finite@1.0.1
76 silly currentTree │ │ │   │ │     └── number-is-nan@1.0.0
76 silly currentTree │ │ │   │ └── strip-indent@1.0.1
76 silly currentTree │ │ │   └── trim-newlines@1.0.0
76 silly currentTree │ │ ├─┬ fancy-log@1.2.0
76 silly currentTree │ │ │ └── time-stamp@1.0.0
76 silly currentTree │ │ ├─┬ gulplog@1.0.0
76 silly currentTree │ │ │ └─┬ glogg@1.0.0
76 silly currentTree │ │ │   └── sparkles@1.0.0
76 silly currentTree │ │ ├─┬ has-gulplog@0.1.0
76 silly currentTree │ │ │ └── sparkles@1.0.0
76 silly currentTree │ │ ├── lodash._reescape@3.0.0
76 silly currentTree │ │ ├── lodash._reevaluate@3.0.0
76 silly currentTree │ │ ├── lodash._reinterpolate@3.0.0
76 silly currentTree │ │ ├─┬ lodash.template@3.6.2
76 silly currentTree │ │ │ ├── lodash._basecopy@3.0.1
76 silly currentTree │ │ │ ├── lodash._basetostring@3.0.1
76 silly currentTree │ │ │ ├── lodash._basevalues@3.0.0
76 silly currentTree │ │ │ ├── lodash._isiterateecall@3.0.9
76 silly currentTree │ │ │ ├─┬ lodash.escape@3.2.0
76 silly currentTree │ │ │ │ └── lodash._root@3.0.1
76 silly currentTree │ │ │ ├─┬ lodash.keys@3.1.2
76 silly currentTree │ │ │ │ ├── lodash._getnative@3.9.1
76 silly currentTree │ │ │ │ ├── lodash.isarguments@3.0.8
76 silly currentTree │ │ │ │ └── lodash.isarray@3.0.4
76 silly currentTree │ │ │ ├── lodash.restparam@3.6.1
76 silly currentTree │ │ │ └── lodash.templatesettings@3.1.1
76 silly currentTree │ │ ├── minimist@1.2.0
76 silly currentTree │ │ ├─┬ multipipe@0.1.2
76 silly currentTree │ │ │ └─┬ duplexer2@0.0.2
76 silly currentTree │ │ │   └─┬ readable-stream@1.1.13
76 silly currentTree │ │ │     ├── core-util-is@1.0.2
76 silly currentTree │ │ │     ├── inherits@2.0.1
76 silly currentTree │ │ │     ├── isarray@0.0.1
76 silly currentTree │ │ │     └── string_decoder@0.10.31
76 silly currentTree │ │ ├── object-assign@3.0.0
76 silly currentTree │ │ ├── replace-ext@0.0.1
76 silly currentTree │ │ ├─┬ through2@2.0.1
76 silly currentTree │ │ │ ├─┬ readable-stream@2.0.6
76 silly currentTree │ │ │ │ ├── core-util-is@1.0.2
76 silly currentTree │ │ │ │ ├── inherits@2.0.1
76 silly currentTree │ │ │ │ ├── isarray@1.0.0
76 silly currentTree │ │ │ │ ├── process-nextick-args@1.0.6
76 silly currentTree │ │ │ │ ├── string_decoder@0.10.31
76 silly currentTree │ │ │ │ └── util-deprecate@1.0.2
76 silly currentTree │ │ │ └── xtend@4.0.1
76 silly currentTree │ │ └─┬ vinyl@0.5.3
76 silly currentTree │ │   ├── clone-stats@0.0.1
76 silly currentTree │ │   └── clone@1.0.2
76 silly currentTree │ └─┬ nsp@2.3.0
76 silly currentTree │   ├─┬ chalk@1.1.3
76 silly currentTree │   │ ├── ansi-styles@2.2.1
76 silly currentTree │   │ ├── escape-string-regexp@1.0.5
76 silly currentTree │   │ ├─┬ has-ansi@2.0.0
76 silly currentTree │   │ │ └── ansi-regex@2.0.0
76 silly currentTree │   │ ├─┬ strip-ansi@3.0.1
76 silly currentTree │   │ │ └── ansi-regex@2.0.0
76 silly currentTree │   │ └── supports-color@2.0.0
76 silly currentTree │   ├─┬ cli-table@0.3.1
76 silly currentTree │   │ └── colors@1.0.3
76 silly currentTree │   ├─┬ https-proxy-agent@1.0.0
76 silly currentTree │   │ ├─┬ agent-base@2.0.1
76 silly currentTree │   │ │ └── semver@5.0.3
76 silly currentTree │   │ ├─┬ debug@2.2.0
76 silly currentTree │   │ │ └── ms@0.7.1
76 silly currentTree │   │ └── extend@3.0.0
76 silly currentTree │   ├─┬ joi@6.10.1
76 silly currentTree │   │ ├── hoek@2.16.3
76 silly currentTree │   │ ├── isemail@1.2.0
76 silly currentTree │   │ ├── moment@2.12.0
76 silly currentTree │   │ └── topo@1.1.0
76 silly currentTree │   ├─┬ nodesecurity-npm-utils@4.0.1
76 silly currentTree │   │ └─┬ silent-npm-registry-client@2.0.0
76 silly currentTree │   │   ├─┬ npm-registry-client@7.1.0
76 silly currentTree │   │   │ ├── chownr@1.0.1
76 silly currentTree │   │   │ ├─┬ concat-stream@1.5.1
76 silly currentTree │   │   │ │ ├── inherits@2.0.1
76 silly currentTree │   │   │ │ ├─┬ readable-stream@2.0.6
76 silly currentTree │   │   │ │ │ ├── core-util-is@1.0.2
76 silly currentTree │   │   │ │ │ ├── isarray@1.0.0
76 silly currentTree │   │   │ │ │ ├── process-nextick-args@1.0.6
76 silly currentTree │   │   │ │ │ ├── string_decoder@0.10.31
76 silly currentTree │   │   │ │ │ └── util-deprecate@1.0.2
76 silly currentTree │   │   │ │ └── typedarray@0.0.6
76 silly currentTree │   │   │ ├── graceful-fs@4.1.3
76 silly currentTree │   │   │ ├─┬ mkdirp@0.5.1
76 silly currentTree │   │   │ │ └── minimist@0.0.8
76 silly currentTree │   │   │ ├─┬ normalize-package-data@2.3.5
76 silly currentTree │   │   │ │ ├── hosted-git-info@2.1.4
76 silly currentTree │   │   │ │ ├─┬ is-builtin-module@1.0.0
76 silly currentTree │   │   │ │ │ └── builtin-modules@1.1.1
76 silly currentTree │   │   │ │ └─┬ validate-npm-package-license@3.0.1
76 silly currentTree │   │   │ │   ├─┬ spdx-correct@1.0.2
76 silly currentTree │   │   │ │   │ └── spdx-license-ids@1.2.0
76 silly currentTree │   │   │ │   └─┬ spdx-expression-parse@1.0.2
76 silly currentTree │   │   │ │     ├── spdx-exceptions@1.0.4
76 silly currentTree │   │   │ │     └── spdx-license-ids@1.2.0
76 silly currentTree │   │   │ ├─┬ npm-package-arg@4.1.0
76 silly currentTree │   │   │ │ └── hosted-git-info@2.1.4
76 silly currentTree │   │   │ ├─┬ npmlog@2.0.3
76 silly currentTree │   │   │ │ ├── ansi@0.3.1
76 silly currentTree │   │   │ │ ├─┬ are-we-there-yet@1.1.2
76 silly currentTree │   │   │ │ │ ├── delegates@1.0.0
76 silly currentTree │   │   │ │ │ └─┬ readable-stream@2.0.6
76 silly currentTree │   │   │ │ │   ├── core-util-is@1.0.2
76 silly currentTree │   │   │ │ │   ├── inherits@2.0.1
76 silly currentTree │   │   │ │ │   ├── isarray@1.0.0
76 silly currentTree │   │   │ │ │   ├── process-nextick-args@1.0.6
76 silly currentTree │   │   │ │ │   ├── string_decoder@0.10.31
76 silly currentTree │   │   │ │ │   └── util-deprecate@1.0.2
76 silly currentTree │   │   │ │ └─┬ gauge@1.2.7
76 silly currentTree │   │   │ │   ├── has-unicode@2.0.0
76 silly currentTree │   │   │ │   ├─┬ lodash.pad@4.1.0
76 silly currentTree │   │   │ │   │ ├── lodash.repeat@4.0.0
76 silly currentTree │   │   │ │   │ └── lodash.tostring@4.1.2
76 silly currentTree │   │   │ │   ├─┬ lodash.padend@4.2.0
76 silly currentTree │   │   │ │   │ ├── lodash.repeat@4.0.0
76 silly currentTree │   │   │ │   │ └── lodash.tostring@4.1.2
76 silly currentTree │   │   │ │   └─┬ lodash.padstart@4.2.0
76 silly currentTree │   │   │ │     ├── lodash.repeat@4.0.0
76 silly currentTree │   │   │ │     └── lodash.tostring@4.1.2
76 silly currentTree │   │   │ ├─┬ once@1.3.3
76 silly currentTree │   │   │ │ └── wrappy@1.0.1
76 silly currentTree │   │   │ ├─┬ request@2.69.0
76 silly currentTree │   │   │ │ ├── aws-sign2@0.6.0
76 silly currentTree │   │   │ │ ├─┬ aws4@1.3.2
76 silly currentTree │   │   │ │ │ └─┬ lru-cache@4.0.1
76 silly currentTree │   │   │ │ │   ├── pseudomap@1.0.2
76 silly currentTree │   │   │ │ │   └── yallist@2.0.0
76 silly currentTree │   │   │ │ ├─┬ bl@1.0.3
76 silly currentTree │   │   │ │ │ └─┬ readable-stream@2.0.6
76 silly currentTree │   │   │ │ │   ├── core-util-is@1.0.2
76 silly currentTree │   │   │ │ │   ├── inherits@2.0.1
76 silly currentTree │   │   │ │ │   ├── isarray@1.0.0
76 silly currentTree │   │   │ │ │   ├── process-nextick-args@1.0.6
76 silly currentTree │   │   │ │ │   ├── string_decoder@0.10.31
76 silly currentTree │   │   │ │ │   └── util-deprecate@1.0.2
76 silly currentTree │   │   │ │ ├── caseless@0.11.0
76 silly currentTree │   │   │ │ ├─┬ combined-stream@1.0.5
76 silly currentTree │   │   │ │ │ └── delayed-stream@1.0.0
76 silly currentTree │   │   │ │ ├── extend@3.0.0
76 silly currentTree │   │   │ │ ├── forever-agent@0.6.1
76 silly currentTree │   │   │ │ ├─┬ form-data@1.0.0-rc4
76 silly currentTree │   │   │ │ │ └── async@1.5.2
76 silly currentTree │   │   │ │ ├─┬ har-validator@2.0.6
76 silly currentTree │   │   │ │ │ ├─┬ commander@2.9.0
76 silly currentTree │   │   │ │ │ │ └── graceful-readlink@1.0.1
76 silly currentTree │   │   │ │ │ ├─┬ is-my-json-valid@2.13.1
76 silly currentTree │   │   │ │ │ │ ├── generate-function@2.0.0
76 silly currentTree │   │   │ │ │ │ ├─┬ generate-object-property@1.2.0
76 silly currentTree │   │   │ │ │ │ │ └── is-property@1.0.2
76 silly currentTree │   │   │ │ │ │ └── jsonpointer@2.0.0
76 silly currentTree │   │   │ │ │ └─┬ pinkie-promise@2.0.0
76 silly currentTree │   │   │ │ │   └── pinkie@2.0.4
76 silly currentTree │   │   │ │ ├─┬ hawk@3.1.3
76 silly currentTree │   │   │ │ │ ├── boom@2.10.1
76 silly currentTree │   │   │ │ │ ├── cryptiles@2.0.5
76 silly currentTree │   │   │ │ │ ├── hoek@2.16.3
76 silly currentTree │   │   │ │ │ └── sntp@1.0.9
76 silly currentTree │   │   │ │ ├─┬ http-signature@1.1.1
76 silly currentTree │   │   │ │ │ ├── assert-plus@0.2.0
76 silly currentTree │   │   │ │ │ ├─┬ jsprim@1.2.2
76 silly currentTree │   │   │ │ │ │ ├── extsprintf@1.0.2
76 silly currentTree │   │   │ │ │ │ ├── json-schema@0.2.2
76 silly currentTree │   │   │ │ │ │ └── verror@1.3.6
76 silly currentTree │   │   │ │ │ └─┬ sshpk@1.7.4
76 silly currentTree │   │   │ │ │   ├── asn1@0.2.3
76 silly currentTree │   │   │ │ │   ├─┬ dashdash@1.13.0
76 silly currentTree │   │   │ │ │   │ └── assert-plus@1.0.0
76 silly currentTree │   │   │ │ │   ├── ecc-jsbn@0.1.1
76 silly currentTree │   │   │ │ │   ├── jodid25519@1.0.2
76 silly currentTree │   │   │ │ │   ├── jsbn@0.1.0
76 silly currentTree │   │   │ │ │   └── tweetnacl@0.14.3
76 silly currentTree │   │   │ │ ├── is-typedarray@1.0.0
76 silly currentTree │   │   │ │ ├── isstream@0.1.2
76 silly currentTree │   │   │ │ ├── json-stringify-safe@5.0.1
76 silly currentTree │   │   │ │ ├─┬ mime-types@2.1.10
76 silly currentTree │   │   │ │ │ └── mime-db@1.22.0
76 silly currentTree │   │   │ │ ├── node-uuid@1.4.7
76 silly currentTree │   │   │ │ ├── oauth-sign@0.8.1
76 silly currentTree │   │   │ │ ├── qs@6.0.2
76 silly currentTree │   │   │ │ ├── stringstream@0.0.5
76 silly currentTree │   │   │ │ ├── tough-cookie@2.2.2
76 silly currentTree │   │   │ │ └── tunnel-agent@0.4.2
76 silly currentTree │   │   │ ├── retry@0.8.0
76 silly currentTree │   │   │ ├─┬ rimraf@2.5.2
76 silly currentTree │   │   │ │ └─┬ glob@7.0.3
76 silly currentTree │   │   │ │   ├─┬ inflight@1.0.4
76 silly currentTree │   │   │ │   │ └── wrappy@1.0.1
76 silly currentTree │   │   │ │   ├── inherits@2.0.1
76 silly currentTree │   │   │ │   └─┬ minimatch@3.0.0
76 silly currentTree │   │   │ │     └─┬ brace-expansion@1.1.3
76 silly currentTree │   │   │ │       ├── balanced-match@0.3.0
76 silly currentTree │   │   │ │       └── concat-map@0.0.1
76 silly currentTree │   │   │ └── slide@1.1.6
76 silly currentTree │   │   └── xtend@4.0.1
76 silly currentTree │   ├── path-is-absolute@1.0.0
76 silly currentTree │   ├─┬ rc@1.1.6
76 silly currentTree │   │ ├── deep-extend@0.4.1
76 silly currentTree │   │ ├── ini@1.3.4
76 silly currentTree │   │ ├── minimist@1.2.0
76 silly currentTree │   │ └── strip-json-comments@1.0.4
76 silly currentTree │   ├── semver@5.1.0
76 silly currentTree │   ├─┬ subcommand@2.0.3
76 silly currentTree │   │ ├── cliclopts@1.1.1
76 silly currentTree │   │ ├─┬ debug@2.2.0
76 silly currentTree │   │ │ └── ms@0.7.1
76 silly currentTree │   │ ├── minimist@1.2.0
76 silly currentTree │   │ └── xtend@4.0.1
76 silly currentTree │   └─┬ wreck@6.3.0
76 silly currentTree │     ├── boom@2.10.1
76 silly currentTree │     └── hoek@2.16.3
76 silly currentTree ├── gulp-plumber@1.1.0
76 silly currentTree ├─┬ gulp-util@3.0.8
76 silly currentTree │ ├── clone-stats@0.0.1
76 silly currentTree │ ├── object-assign@3.0.0
76 silly currentTree │ ├── replace-ext@0.0.1
76 silly currentTree │ └── vinyl@0.5.3
76 silly currentTree ├─┬ gulp@3.9.1
76 silly currentTree │ └── semver@4.3.6
76 silly currentTree ├── gulplog@1.0.0
76 silly currentTree ├─┬ handlebars@4.0.6
76 silly currentTree │ ├── async@1.5.2
76 silly currentTree │ └── source-map@0.4.4
76 silly currentTree ├── har-validator@2.0.6
76 silly currentTree ├── has-ansi@2.0.0
76 silly currentTree ├── has-flag@1.0.0
76 silly currentTree ├── has-gulplog@0.1.0
76 silly currentTree ├── hawk@3.1.3
76 silly currentTree ├── hoek@2.16.3
76 silly currentTree ├── homedir-polyfill@1.0.1
76 silly currentTree ├── hosted-git-info@2.2.0
76 silly currentTree ├── html-wiring@1.2.0
76 silly currentTree ├─┬ htmlparser2@3.8.3
76 silly currentTree │ ├── domutils@1.5.1
76 silly currentTree │ ├── entities@1.0.0
76 silly currentTree │ ├── isarray@0.0.1
76 silly currentTree │ └── readable-stream@1.1.14
76 silly currentTree ├── http-signature@1.1.1
76 silly currentTree ├── ignore@3.2.6
76 silly currentTree ├── imurmurhash@0.1.4
76 silly currentTree ├── indent-string@2.1.0
76 silly currentTree ├── inflight@1.0.6
76 silly currentTree ├── inherits@2.0.3
76 silly currentTree ├── ini@1.3.4
76 silly currentTree ├── inquirer@1.2.3
76 silly currentTree ├── interpret@1.0.1
76 silly currentTree ├── irregular-plurals@1.2.0
76 silly currentTree ├── is-absolute@0.2.6
76 silly currentTree ├── is-arrayish@0.2.1
76 silly currentTree ├── is-buffer@1.1.5
76 silly currentTree ├── is-builtin-module@1.0.0
76 silly currentTree ├── is-dotfile@1.0.2
76 silly currentTree ├── is-equal-shallow@0.1.3
76 silly currentTree ├── is-extendable@0.1.1
76 silly currentTree ├── is-extglob@1.0.0
76 silly currentTree ├── is-finite@1.0.2
76 silly currentTree ├── is-fullwidth-code-point@1.0.0
76 silly currentTree ├── is-glob@2.0.1
76 silly currentTree ├── is-my-json-valid@2.16.0
76 silly currentTree ├── is-number@2.1.0
76 silly currentTree ├── is-path-cwd@1.0.0
76 silly currentTree ├── is-path-in-cwd@1.0.0
76 silly currentTree ├── is-path-inside@1.0.0
76 silly currentTree ├── is-plain-obj@1.1.0
76 silly currentTree ├── is-posix-bracket@0.1.1
76 silly currentTree ├── is-primitive@2.0.0
76 silly currentTree ├── is-promise@2.1.0
76 silly currentTree ├── is-property@1.0.2
76 silly currentTree ├── is-redirect@1.0.0
76 silly currentTree ├── is-relative@0.2.1
76 silly currentTree ├── is-resolvable@1.0.0
76 silly currentTree ├── is-retry-allowed@1.1.0
76 silly currentTree ├── is-stream@1.1.0
76 silly currentTree ├── is-typedarray@1.0.0
76 silly currentTree ├── is-unc-path@0.1.2
76 silly currentTree ├── is-utf8@0.2.1
76 silly currentTree ├── is-windows@0.2.0
76 silly currentTree ├── isarray@1.0.0
76 silly currentTree ├── isexe@1.1.2
76 silly currentTree ├── isobject@2.1.0
76 silly currentTree ├── isstream@0.1.2
76 silly currentTree ├─┬ istanbul-threshold-checker@0.1.0
76 silly currentTree │ ├── async@1.5.2
76 silly currentTree │ ├─┬ escodegen@1.7.1
76 silly currentTree │ │ └── esprima@1.2.5
76 silly currentTree │ ├── esprima@2.5.0
76 silly currentTree │ ├── estraverse@1.9.3
76 silly currentTree │ ├── fast-levenshtein@1.0.7
76 silly currentTree │ ├── istanbul@0.3.22
76 silly currentTree │ ├── levn@0.2.5
76 silly currentTree │ ├── lodash@3.6.0
76 silly currentTree │ ├─┬ optionator@0.5.0
76 silly currentTree │ │ └── wordwrap@0.0.3
76 silly currentTree │ ├── resolve@1.1.7
76 silly currentTree │ └── supports-color@3.2.3
76 silly currentTree ├─┬ istanbul@0.4.5
76 silly currentTree │ ├── async@1.5.2
76 silly currentTree │ ├── esprima@2.7.3
76 silly currentTree │ ├── glob@5.0.15
76 silly currentTree │ ├── resolve@1.1.7
76 silly currentTree │ └── supports-color@3.2.3
76 silly currentTree ├── istextorbinary@2.1.0
76 silly currentTree ├── jodid25519@1.0.2
76 silly currentTree ├── js-tokens@3.0.1
76 silly currentTree ├── js-yaml@3.8.2
76 silly currentTree ├── jsbn@0.1.1
76 silly currentTree ├── json-schema@0.2.3
76 silly currentTree ├── json-stable-stringify@1.0.1
76 silly currentTree ├── json-stringify-safe@5.0.1
76 silly currentTree ├── json3@3.3.2
76 silly currentTree ├── jsonify@0.0.0
76 silly currentTree ├── jsonpointer@4.0.1
76 silly currentTree ├─┬ jsprim@1.4.0
76 silly currentTree │ └── assert-plus@1.0.0
76 silly currentTree ├── kind-of@3.1.0
76 silly currentTree ├── lazy-cache@1.0.4
76 silly currentTree ├── lcov-parse@0.0.10
76 silly currentTree ├── levn@0.3.0
76 silly currentTree ├── liftoff@2.3.0
76 silly currentTree ├── line-ending-corrector@1.0.0
76 silly currentTree ├── load-json-file@2.0.0
76 silly currentTree ├── locate-path@2.0.0
76 silly currentTree ├── lodash._baseassign@3.2.0
76 silly currentTree ├── lodash._basecopy@3.0.1
76 silly currentTree ├── lodash._basecreate@3.0.3
76 silly currentTree ├── lodash._basetostring@3.0.1
76 silly currentTree ├── lodash._basevalues@3.0.0
76 silly currentTree ├── lodash._getnative@3.9.1
76 silly currentTree ├── lodash._isiterateecall@3.0.9
76 silly currentTree ├── lodash._reescape@3.0.0
76 silly currentTree ├── lodash._reevaluate@3.0.0
76 silly currentTree ├── lodash._reinterpolate@3.0.0
76 silly currentTree ├── lodash._root@3.0.1
76 silly currentTree ├── lodash.assignwith@4.2.0
76 silly currentTree ├── lodash.create@3.1.1
76 silly currentTree ├── lodash.escape@3.2.0
76 silly currentTree ├── lodash.isarguments@3.1.0
76 silly currentTree ├── lodash.isarray@3.0.4
76 silly currentTree ├── lodash.isempty@4.4.0
76 silly currentTree ├── lodash.isplainobject@4.0.6
76 silly currentTree ├── lodash.isstring@4.0.1
76 silly currentTree ├── lodash.keys@3.1.2
76 silly currentTree ├── lodash.mapvalues@4.6.0
76 silly currentTree ├── lodash.pick@4.4.0
76 silly currentTree ├── lodash.restparam@3.6.1
76 silly currentTree ├── lodash.template@3.6.2
76 silly currentTree ├── lodash.templatesettings@3.1.1
76 silly currentTree ├── lodash@4.17.4
76 silly currentTree ├── log-driver@1.2.5
76 silly currentTree ├── log-symbols@1.0.2
76 silly currentTree ├── lolex@1.3.2
76 silly currentTree ├── longest@1.0.1
76 silly currentTree ├── loud-rejection@1.6.0
76 silly currentTree ├── lowercase-keys@1.0.0
76 silly currentTree ├── lru-cache@4.0.2
76 silly currentTree ├── map-cache@0.2.2
76 silly currentTree ├── map-obj@1.0.1
76 silly currentTree ├── mem-fs-editor@3.0.2
76 silly currentTree ├─┬ mem-fs@1.1.3
76 silly currentTree │ ├── clone-stats@0.0.1
76 silly currentTree │ ├── replace-ext@0.0.1
76 silly currentTree │ └── vinyl@1.2.0
76 silly currentTree ├─┬ meow@3.7.0
76 silly currentTree │ ├── find-up@1.1.2
76 silly currentTree │ ├── load-json-file@1.1.0
76 silly currentTree │ ├── object-assign@4.1.1
76 silly currentTree │ ├── path-exists@2.1.0
76 silly currentTree │ ├── path-type@1.1.0
76 silly currentTree │ ├── read-pkg-up@1.0.1
76 silly currentTree │ ├── read-pkg@1.1.0
76 silly currentTree │ └── strip-bom@2.0.0
76 silly currentTree ├── micromatch@2.3.11
76 silly currentTree ├── mime-db@1.26.0
76 silly currentTree ├── mime-types@2.1.14
76 silly currentTree ├── minimatch@3.0.3
76 silly currentTree ├── minimist@1.2.0
76 silly currentTree ├─┬ mkdirp@0.5.1
76 silly currentTree │ └── minimist@0.0.8
76 silly currentTree ├─┬ mocha@3.2.0
76 silly currentTree │ ├── debug@2.2.0
76 silly currentTree │ ├── diff@1.4.0
76 silly currentTree │ ├── glob@7.0.5
76 silly currentTree │ ├── ms@0.7.1
76 silly currentTree │ └── supports-color@3.1.2
76 silly currentTree ├── ms@0.7.2
76 silly currentTree ├── multimatch@2.1.0
76 silly currentTree ├── multipipe@0.1.2
76 silly currentTree ├── mute-stream@0.0.6
76 silly currentTree ├── natives@1.1.0
76 silly currentTree ├── natural-compare@1.4.0
76 silly currentTree ├── node-status-codes@1.0.0
76 silly currentTree ├── nopt@3.0.6
76 silly currentTree ├── normalize-package-data@2.3.6
76 silly currentTree ├── normalize-path@2.0.1
76 silly currentTree ├── nth-check@1.0.1
76 silly currentTree ├── number-is-nan@1.0.1
76 silly currentTree ├── oauth-sign@0.8.2
76 silly currentTree ├── object-assign@2.1.1
76 silly currentTree ├── object.omit@2.0.1
76 silly currentTree ├── once@1.4.0
76 silly currentTree ├── onetime@1.1.0
76 silly currentTree ├─┬ optimist@0.6.1
76 silly currentTree │ ├── minimist@0.0.10
76 silly currentTree │ └── wordwrap@0.0.3
76 silly currentTree ├── optionator@0.8.2
76 silly currentTree ├── orchestrator@0.3.8
76 silly currentTree ├── ordered-read-streams@0.1.0
76 silly currentTree ├── os-homedir@1.0.2
76 silly currentTree ├── os-shim@0.1.3
76 silly currentTree ├── os-tmpdir@1.0.2
76 silly currentTree ├── p-limit@1.1.0
76 silly currentTree ├── p-locate@2.0.0
76 silly currentTree ├── pad-component@0.0.1
76 silly currentTree ├── parse-filepath@1.0.1
76 silly currentTree ├── parse-glob@3.0.4
76 silly currentTree ├── parse-json@2.2.0
76 silly currentTree ├── parse-passwd@1.0.0
76 silly currentTree ├── path-exists@3.0.0
76 silly currentTree ├── path-is-absolute@1.0.1
76 silly currentTree ├── path-is-inside@1.0.2
76 silly currentTree ├── path-parse@1.0.5
76 silly currentTree ├── path-root-regex@0.1.2
76 silly currentTree ├── path-root@0.1.1
76 silly currentTree ├── path-type@2.0.0
76 silly currentTree ├── pify@2.3.0
76 silly currentTree ├── pinkie-promise@2.0.1
76 silly currentTree ├── pinkie@2.0.4
76 silly currentTree ├── plur@2.1.2
76 silly currentTree ├── pluralize@1.2.1
76 silly currentTree ├── prelude-ls@1.1.2
76 silly currentTree ├── prepend-http@1.0.4
76 silly currentTree ├── preserve@0.2.0
76 silly currentTree ├── pretty-bytes@4.0.2
76 silly currentTree ├── pretty-hrtime@1.0.3
76 silly currentTree ├── process-nextick-args@1.0.7
76 silly currentTree ├── progress@1.1.8
76 silly currentTree ├── pseudomap@1.0.2
76 silly currentTree ├── punycode@1.4.1
76 silly currentTree ├── qs@6.3.2
76 silly currentTree ├── randomatic@1.1.6
76 silly currentTree ├── read-all-stream@3.1.0
76 silly currentTree ├── read-chunk@2.0.0
76 silly currentTree ├── read-pkg-up@2.0.0
76 silly currentTree ├── read-pkg@2.0.0
76 silly currentTree ├── readable-stream@2.2.6
76 silly currentTree ├─┬ readline2@1.0.1
76 silly currentTree │ └── mute-stream@0.0.5
76 silly currentTree ├── rechoir@0.6.2
76 silly currentTree ├── redent@1.0.0
76 silly currentTree ├── regex-cache@0.4.3
76 silly currentTree ├── remove-trailing-separator@1.0.1
76 silly currentTree ├── repeat-element@1.1.2
76 silly currentTree ├── repeat-string@1.6.1
76 silly currentTree ├── repeating@2.0.1
76 silly currentTree ├── replace-ext@1.0.0
76 silly currentTree ├── req-cwd@1.0.1
76 silly currentTree ├─┬ req-from@1.0.1
76 silly currentTree │ └── resolve-from@2.0.0
76 silly currentTree ├── request@2.79.0
76 silly currentTree ├── require-uncached@1.0.3
76 silly currentTree ├── resolve-dir@0.1.1
76 silly currentTree ├── resolve-from@1.0.1
76 silly currentTree ├── resolve@1.3.2
76 silly currentTree ├── restore-cursor@1.0.1
76 silly currentTree ├── right-align@0.1.3
76 silly currentTree ├── rimraf@2.6.1
76 silly currentTree ├── run-async@2.3.0
76 silly currentTree ├── rx-lite@3.1.2
76 silly currentTree ├── rx@4.1.0
76 silly currentTree ├── safe-buffer@5.0.1
76 silly currentTree ├── samsam@1.1.2
76 silly currentTree ├── semver@5.3.0
76 silly currentTree ├── sequencify@0.0.7
76 silly currentTree ├── shebang-command@1.2.0
76 silly currentTree ├── shebang-regex@1.0.0
76 silly currentTree ├── shelljs@0.7.7
76 silly currentTree ├── sigmund@1.0.1
76 silly currentTree ├── signal-exit@3.0.2
76 silly currentTree ├── sinon@1.17.7
76 silly currentTree ├── slice-ansi@0.0.4
76 silly currentTree ├── sntp@1.0.9
76 silly currentTree ├── source-map@0.2.0
76 silly currentTree ├── sparkles@1.0.0
76 silly currentTree ├── spawn-sync@1.0.15
76 silly currentTree ├── spdx-correct@1.0.2
76 silly currentTree ├── spdx-expression-parse@1.0.4
76 silly currentTree ├── spdx-license-ids@1.2.2
76 silly currentTree ├── sprintf-js@1.0.3
76 silly currentTree ├─┬ sshpk@1.11.0
76 silly currentTree │ └── assert-plus@1.0.0
76 silly currentTree ├── stream-consume@0.1.0
76 silly currentTree ├── string_decoder@0.10.31
76 silly currentTree ├── string-template@0.2.1
76 silly currentTree ├── string-width@1.0.2
76 silly currentTree ├── stringstream@0.0.5
76 silly currentTree ├── strip-ansi@3.0.1
76 silly currentTree ├─┬ strip-bom-stream@2.0.0
76 silly currentTree │ └── strip-bom@2.0.0
76 silly currentTree ├── strip-bom@3.0.0
76 silly currentTree ├── strip-indent@1.0.1
76 silly currentTree ├── strip-json-comments@2.0.1
76 silly currentTree ├── supports-color@2.0.0
76 silly currentTree ├─┬ table@3.8.3
76 silly currentTree │ ├── is-fullwidth-code-point@2.0.0
76 silly currentTree │ └── string-width@2.0.0
76 silly currentTree ├── taketalk@1.0.0
76 silly currentTree ├─┬ temp@0.8.3
76 silly currentTree │ └── rimraf@2.2.8
76 silly currentTree ├── text-table@0.2.0
76 silly currentTree ├── textextensions@2.0.1
76 silly currentTree ├── through@2.3.8
76 silly currentTree ├── through2@2.0.3
76 silly currentTree ├── tildify@1.2.0
76 silly currentTree ├── time-stamp@1.0.1
76 silly currentTree ├── timed-out@4.0.1
76 silly currentTree ├── tmp@0.0.29
76 silly currentTree ├── tough-cookie@2.3.2
76 silly currentTree ├── traverse@0.6.6
76 silly currentTree ├── trim-newlines@1.0.0
76 silly currentTree ├── tryit@1.0.3
76 silly currentTree ├── tunnel-agent@0.4.3
76 silly currentTree ├── tweetnacl@0.14.5
76 silly currentTree ├── type-check@0.3.2
76 silly currentTree ├── typedarray@0.0.6
76 silly currentTree ├─┬ uglify-js@2.8.13
76 silly currentTree │ └── source-map@0.5.6
76 silly currentTree ├── uglify-to-browserify@1.0.2
76 silly currentTree ├── unc-path-regex@0.1.2
76 silly currentTree ├── underscore.string@3.3.4
76 silly currentTree ├── unique-stream@1.0.0
76 silly currentTree ├── untildify@2.1.0
76 silly currentTree ├── unzip-response@2.0.1
76 silly currentTree ├── url-parse-lax@1.0.0
76 silly currentTree ├── user-home@2.0.0
76 silly currentTree ├── util-deprecate@1.0.2
76 silly currentTree ├─┬ util@0.10.3
76 silly currentTree │ └── inherits@2.0.1
76 silly currentTree ├── uuid@3.0.1
76 silly currentTree ├─┬ v8flags@2.0.11
76 silly currentTree │ └── user-home@1.1.1
76 silly currentTree ├── validate-npm-package-license@3.0.1
76 silly currentTree ├── verror@1.3.6
76 silly currentTree ├─┬ vinyl-file@2.0.0
76 silly currentTree │ ├── clone-stats@0.0.1
76 silly currentTree │ ├── replace-ext@0.0.1
76 silly currentTree │ ├── strip-bom@2.0.0
76 silly currentTree │ └── vinyl@1.2.0
76 silly currentTree ├─┬ vinyl-fs@0.3.14
76 silly currentTree │ ├── clone-stats@0.0.1
76 silly currentTree │ ├── clone@0.2.0
76 silly currentTree │ ├── first-chunk-stream@1.0.0
76 silly currentTree │ ├── graceful-fs@3.0.11
76 silly currentTree │ ├── isarray@0.0.1
76 silly currentTree │ ├── readable-stream@1.0.34
76 silly currentTree │ ├── strip-bom@1.0.0
76 silly currentTree │ ├── through2@0.6.5
76 silly currentTree │ └── vinyl@0.4.6
76 silly currentTree ├─┬ vinyl-sourcemaps-apply@0.2.1
76 silly currentTree │ └── source-map@0.5.6
76 silly currentTree ├── vinyl@2.0.1
76 silly currentTree ├── which@1.2.12
76 silly currentTree ├── window-size@0.1.0
76 silly currentTree ├── wordwrap@1.0.0
76 silly currentTree ├── wrap-ansi@2.1.0
76 silly currentTree ├── wrappy@1.0.2
76 silly currentTree ├── write@0.2.1
76 silly currentTree ├── xtend@4.0.1
76 silly currentTree ├── yallist@2.1.2
76 silly currentTree ├── yargs@3.10.0
76 silly currentTree ├── yeoman-assert@2.2.3
76 silly currentTree ├─┬ yeoman-environment@1.6.6
76 silly currentTree │ ├── glob@6.0.4
76 silly currentTree │ ├── globby@4.1.0
76 silly currentTree │ └── object-assign@4.1.1
76 silly currentTree ├── yeoman-generator@1.1.1
76 silly currentTree ├─┬ yeoman-test@1.6.0
76 silly currentTree │ ├── clone-stats@0.0.1
76 silly currentTree │ ├── cross-spawn@4.0.2
76 silly currentTree │ ├── dargs@4.1.0
76 silly currentTree │ ├── dateformat@1.0.12
76 silly currentTree │ ├── duplexer2@0.1.4
76 silly currentTree │ ├── find-up@1.1.2
76 silly currentTree │ ├── gh-got@2.4.0
76 silly currentTree │ ├── github-username@2.1.0
76 silly currentTree │ ├─┬ globby@4.1.0
76 silly currentTree │ │ └── glob@6.0.4
76 silly currentTree │ ├── got@5.7.1
76 silly currentTree │ ├── load-json-file@1.1.0
76 silly currentTree │ ├── mem-fs-editor@2.3.0
76 silly currentTree │ ├── object-assign@4.1.1
76 silly currentTree │ ├── path-exists@2.1.0
76 silly currentTree │ ├── path-type@1.1.0
76 silly currentTree │ ├── pretty-bytes@3.0.1
76 silly currentTree │ ├── read-chunk@1.0.1
76 silly currentTree │ ├── read-pkg-up@1.0.1
76 silly currentTree │ ├── read-pkg@1.1.0
76 silly currentTree │ ├── replace-ext@0.0.1
76 silly currentTree │ ├── strip-bom@2.0.0
76 silly currentTree │ ├── timed-out@3.1.3
76 silly currentTree │ ├── unzip-response@1.0.2
76 silly currentTree │ ├── vinyl@1.2.0
76 silly currentTree │ └── yeoman-generator@0.24.1
76 silly currentTree ├── yeoman-welcome@1.0.1
76 silly currentTree └── yosay@1.2.1
77 silly idealTree generator-sss@0.0.0
77 silly idealTree ├── abbrev@1.0.9
77 silly idealTree ├─┬ acorn-jsx@3.0.1
77 silly idealTree │ └── acorn@3.3.0
77 silly idealTree ├── acorn@4.0.4
77 silly idealTree ├── ajv-keywords@1.5.1
77 silly idealTree ├── ajv@4.11.5
77 silly idealTree ├── align-text@0.1.4
77 silly idealTree ├── amdefine@1.0.1
77 silly idealTree ├── ansi-escapes@1.4.0
77 silly idealTree ├── ansi-regex@2.1.1
77 silly idealTree ├── ansi-styles@2.2.1
77 silly idealTree ├── archy@1.0.0
77 silly idealTree ├── argparse@1.0.9
77 silly idealTree ├── arr-diff@2.0.0
77 silly idealTree ├── arr-flatten@1.0.1
77 silly idealTree ├── array-differ@1.0.0
77 silly idealTree ├── array-find-index@1.0.2
77 silly idealTree ├── array-union@1.0.2
77 silly idealTree ├── array-uniq@1.0.3
77 silly idealTree ├── array-unique@0.2.1
77 silly idealTree ├── arrify@1.0.1
77 silly idealTree ├── asn1@0.2.3
77 silly idealTree ├── assert-plus@0.2.0
77 silly idealTree ├─┬ ast-query@2.0.0
77 silly idealTree │ ├── escodegen-wallaby@1.6.10
77 silly idealTree │ ├── esprima@2.7.3
77 silly idealTree │ └── estraverse@1.9.3
77 silly idealTree ├── async@2.1.5
77 silly idealTree ├── asynckit@0.4.0
77 silly idealTree ├── aws-sign2@0.6.0
77 silly idealTree ├── aws4@1.6.0
77 silly idealTree ├── babel-code-frame@6.22.0
77 silly idealTree ├── balanced-match@0.4.2
77 silly idealTree ├── bcrypt-pbkdf@1.0.1
77 silly idealTree ├── beeper@1.1.1
77 silly idealTree ├── binaryextensions@2.0.0
77 silly idealTree ├── boolbase@1.0.0
77 silly idealTree ├── boom@2.10.1
77 silly idealTree ├── brace-expansion@1.1.6
77 silly idealTree ├── braces@1.8.5
77 silly idealTree ├── browser-stdout@1.3.0
77 silly idealTree ├── buffer-shims@1.0.0
77 silly idealTree ├── bufferstreams@1.1.1
77 silly idealTree ├── builtin-modules@1.1.1
77 silly idealTree ├── caller-path@0.1.0
77 silly idealTree ├── callsites@0.2.0
77 silly idealTree ├─┬ camelcase-keys@2.1.0
77 silly idealTree │ └── camelcase@2.1.1
77 silly idealTree ├── camelcase@1.2.1
77 silly idealTree ├── capture-stack-trace@1.0.0
77 silly idealTree ├── caseless@0.11.0
77 silly idealTree ├── center-align@0.1.3
77 silly idealTree ├── chalk@1.1.3
77 silly idealTree ├─┬ cheerio@0.19.0
77 silly idealTree │ └── lodash@3.10.1
77 silly idealTree ├── circular-json@0.3.1
77 silly idealTree ├── class-extend@0.1.2
77 silly idealTree ├── cli-boxes@1.0.0
77 silly idealTree ├── cli-cursor@1.0.2
77 silly idealTree ├── cli-table@0.3.1
77 silly idealTree ├── cli-width@2.1.0
77 silly idealTree ├─┬ cliui@2.1.0
77 silly idealTree │ └── wordwrap@0.0.2
77 silly idealTree ├── clone-buffer@1.0.0
77 silly idealTree ├── clone-stats@1.0.0
77 silly idealTree ├── clone@1.0.2
77 silly idealTree ├── cloneable-readable@1.0.0
77 silly idealTree ├── co@4.6.0
77 silly idealTree ├── code-point-at@1.1.0
77 silly idealTree ├── coffee-script@1.12.4
77 silly idealTree ├── colors@1.0.3
77 silly idealTree ├── combined-stream@1.0.5
77 silly idealTree ├── commander@2.9.0
77 silly idealTree ├── commondir@1.0.1
77 silly idealTree ├── concat-map@0.0.1
77 silly idealTree ├── concat-stream@1.6.0
77 silly idealTree ├── core-util-is@1.0.2
77 silly idealTree ├─┬ coveralls@2.12.0
77 silly idealTree │ ├── esprima@2.7.3
77 silly idealTree │ └── js-yaml@3.6.1
77 silly idealTree ├── create-error-class@3.0.2
77 silly idealTree ├── cross-spawn@5.1.0
77 silly idealTree ├── cryptiles@2.0.5
77 silly idealTree ├── css-select@1.0.0
77 silly idealTree ├── css-what@1.0.0
77 silly idealTree ├── currently-unhandled@0.4.1
77 silly idealTree ├── d@1.0.0
77 silly idealTree ├── dargs@5.1.0
77 silly idealTree ├─┬ dashdash@1.14.1
77 silly idealTree │ └── assert-plus@1.0.0
77 silly idealTree ├── dateformat@2.0.0
77 silly idealTree ├── debug@2.6.3
77 silly idealTree ├── decamelize@1.2.0
77 silly idealTree ├── deep-extend@0.4.1
77 silly idealTree ├── deep-is@0.1.3
77 silly idealTree ├── defaults@1.0.3
77 silly idealTree ├─┬ del@2.2.2
77 silly idealTree │ ├── globby@5.0.0
77 silly idealTree │ └── object-assign@4.1.1
77 silly idealTree ├── delayed-stream@1.0.0
77 silly idealTree ├── deprecated@0.0.1
77 silly idealTree ├── detect-conflict@1.0.1
77 silly idealTree ├── detect-file@0.1.0
77 silly idealTree ├── detect-newline@1.0.3
77 silly idealTree ├── diff@2.2.3
77 silly idealTree ├── doctrine@1.5.0
77 silly idealTree ├─┬ dom-serializer@0.1.0
77 silly idealTree │ └── domelementtype@1.1.3
77 silly idealTree ├── domelementtype@1.3.0
77 silly idealTree ├── domhandler@2.3.0
77 silly idealTree ├── domutils@1.4.3
77 silly idealTree ├─┬ duplexer2@0.0.2
77 silly idealTree │ ├── isarray@0.0.1
77 silly idealTree │ └── readable-stream@1.1.14
77 silly idealTree ├── duplexer3@0.1.4
77 silly idealTree ├── ecc-jsbn@0.1.1
77 silly idealTree ├── editions@1.3.3
77 silly idealTree ├── ejs@2.5.6
77 silly idealTree ├─┬ end-of-stream@0.1.5
77 silly idealTree │ └── once@1.3.3
77 silly idealTree ├── entities@1.1.1
77 silly idealTree ├── error-ex@1.3.1
77 silly idealTree ├── error@7.0.2
77 silly idealTree ├── es5-ext@0.10.14
77 silly idealTree ├── es6-iterator@2.0.1
77 silly idealTree ├── es6-map@0.1.5
77 silly idealTree ├── es6-set@0.1.5
77 silly idealTree ├── es6-symbol@3.1.1
77 silly idealTree ├── es6-weak-map@2.0.2
77 silly idealTree ├── escape-string-regexp@1.0.5
77 silly idealTree ├─┬ escodegen@1.8.1
77 silly idealTree │ ├── esprima@2.7.3
77 silly idealTree │ └── estraverse@1.9.3
77 silly idealTree ├── escope@3.6.0
77 silly idealTree ├── eslint-config-xo-space@0.15.0
77 silly idealTree ├── eslint-config-xo@0.17.0
77 silly idealTree ├─┬ eslint@3.17.1
77 silly idealTree │ ├── inquirer@0.12.0
77 silly idealTree │ └── run-async@0.1.0
77 silly idealTree ├── espree@3.4.0
77 silly idealTree ├── esprima@3.1.3
77 silly idealTree ├─┬ esrecurse@4.1.0
77 silly idealTree │ ├── estraverse@4.1.1
77 silly idealTree │ └── object-assign@4.1.1
77 silly idealTree ├── estraverse@4.2.0
77 silly idealTree ├── esutils@2.0.2
77 silly idealTree ├── event-emitter@0.3.5
77 silly idealTree ├── execxi@1.3.2
77 silly idealTree ├── exit-hook@1.1.1
77 silly idealTree ├── expand-brackets@0.1.5
77 silly idealTree ├── expand-range@1.8.2
77 silly idealTree ├── expand-tilde@1.2.2
77 silly idealTree ├── extend@3.0.0
77 silly idealTree ├── external-editor@1.1.1
77 silly idealTree ├── extglob@0.3.2
77 silly idealTree ├── extsprintf@1.0.2
77 silly idealTree ├── fancy-log@1.3.0
77 silly idealTree ├── fast-levenshtein@2.0.6
77 silly idealTree ├─┬ figures@1.7.0
77 silly idealTree │ └── object-assign@4.1.1
77 silly idealTree ├─┬ file-entry-cache@2.0.0
77 silly idealTree │ └── object-assign@4.1.1
77 silly idealTree ├── filename-regex@2.0.0
77 silly idealTree ├─┬ fileset@0.2.1
77 silly idealTree │ ├── glob@5.0.15
77 silly idealTree │ └── minimatch@2.0.10
77 silly idealTree ├── fill-range@2.2.3
77 silly idealTree ├── find-index@0.1.1
77 silly idealTree ├── find-up@2.1.0
77 silly idealTree ├── findup-sync@0.4.3
77 silly idealTree ├── fined@1.0.2
77 silly idealTree ├── first-chunk-stream@2.0.0
77 silly idealTree ├── flagged-respawn@0.3.2
77 silly idealTree ├── flat-cache@1.2.2
77 silly idealTree ├── for-in@1.0.2
77 silly idealTree ├── for-own@0.1.5
77 silly idealTree ├── forever-agent@0.6.1
77 silly idealTree ├── form-data@2.1.2
77 silly idealTree ├── formatio@1.1.1
77 silly idealTree ├── fs-exists-sync@0.1.0
77 silly idealTree ├── fs.realpath@1.0.0
77 silly idealTree ├── gaze@0.5.2
77 silly idealTree ├── generate-function@2.0.0
77 silly idealTree ├── generate-object-property@1.2.0
77 silly idealTree ├── get-stdin@4.0.1
77 silly idealTree ├── get-stream@3.0.0
77 silly idealTree ├─┬ getpass@0.1.6
77 silly idealTree │ └── assert-plus@1.0.0
77 silly idealTree ├── gh-got@5.0.0
77 silly idealTree ├── github-username@3.0.0
77 silly idealTree ├── glob-base@0.3.0
77 silly idealTree ├── glob-parent@2.0.0
77 silly idealTree ├─┬ glob-stream@3.1.18
77 silly idealTree │ ├── glob@4.5.3
77 silly idealTree │ ├── isarray@0.0.1
77 silly idealTree │ ├── minimatch@2.0.10
77 silly idealTree │ ├── readable-stream@1.0.34
77 silly idealTree │ └── through2@0.6.5
77 silly idealTree ├── glob-watcher@0.0.6
77 silly idealTree ├── glob@7.1.1
77 silly idealTree ├── glob2base@0.0.12
77 silly idealTree ├── global-modules@0.2.3
77 silly idealTree ├── global-prefix@0.1.5
77 silly idealTree ├── globals@9.16.0
77 silly idealTree ├─┬ globby@6.1.0
77 silly idealTree │ └── object-assign@4.1.1
77 silly idealTree ├─┬ globule@0.1.0
77 silly idealTree │ ├── glob@3.1.21
77 silly idealTree │ ├── graceful-fs@1.2.3
77 silly idealTree │ ├── inherits@1.0.2
77 silly idealTree │ ├── lodash@1.0.2
77 silly idealTree │ ├── lru-cache@2.7.3
77 silly idealTree │ └── minimatch@0.2.14
77 silly idealTree ├── glogg@1.0.0
77 silly idealTree ├── got@6.7.1
77 silly idealTree ├── graceful-fs@4.1.11
77 silly idealTree ├── graceful-readlink@1.0.1
77 silly idealTree ├── grouped-queue@0.3.3
77 silly idealTree ├── growl@1.9.2
77 silly idealTree ├── gruntfile-editor@1.2.1
77 silly idealTree ├─┬ gulp-coveralls@0.1.4
77 silly idealTree │ ├── isarray@0.0.1
77 silly idealTree │ ├── readable-stream@1.1.14
77 silly idealTree │ └── through2@1.1.1
77 silly idealTree ├── gulp-eslint@3.0.1
77 silly idealTree ├── gulp-exclude-gitignore@1.1.1
77 silly idealTree ├── gulp-ignore@2.0.2
77 silly idealTree ├── gulp-istanbul@1.1.1
77 silly idealTree ├── gulp-line-ending-corrector@1.0.1
77 silly idealTree ├── gulp-match@1.0.3
77 silly idealTree ├── gulp-mocha@3.0.1
77 silly idealTree ├─┬ gulp-nsp@2.4.2
77 silly idealTree │ ├─┬ gulp-util@3.0.7
77 silly idealTree │ │ ├── array-differ@1.0.0
77 silly idealTree │ │ ├── array-uniq@1.0.2
77 silly idealTree │ │ ├── beeper@1.1.0
77 silly idealTree │ │ ├─┬ chalk@1.1.3
77 silly idealTree │ │ │ ├── ansi-styles@2.2.1
77 silly idealTree │ │ │ ├── escape-string-regexp@1.0.5
77 silly idealTree │ │ │ ├─┬ has-ansi@2.0.0
77 silly idealTree │ │ │ │ └── ansi-regex@2.0.0
77 silly idealTree │ │ │ ├─┬ strip-ansi@3.0.1
77 silly idealTree │ │ │ │ └── ansi-regex@2.0.0
77 silly idealTree │ │ │ └── supports-color@2.0.0
77 silly idealTree │ │ ├─┬ dateformat@1.0.12
77 silly idealTree │ │ │ ├── get-stdin@4.0.1
77 silly idealTree │ │ │ └─┬ meow@3.7.0
77 silly idealTree │ │ │   ├─┬ camelcase-keys@2.1.0
77 silly idealTree │ │ │   │ └── camelcase@2.1.1
77 silly idealTree │ │ │   ├── decamelize@1.2.0
77 silly idealTree │ │ │   ├─┬ loud-rejection@1.3.0
77 silly idealTree │ │ │   │ ├── array-find-index@1.0.1
77 silly idealTree │ │ │   │ └── signal-exit@2.1.2
77 silly idealTree │ │ │   ├── map-obj@1.0.1
77 silly idealTree │ │ │   ├─┬ normalize-package-data@2.3.5
77 silly idealTree │ │ │   │ ├── hosted-git-info@2.1.4
77 silly idealTree │ │ │   │ ├─┬ is-builtin-module@1.0.0
77 silly idealTree │ │ │   │ │ └── builtin-modules@1.1.1
77 silly idealTree │ │ │   │ ├── semver@5.1.0
77 silly idealTree │ │ │   │ └─┬ validate-npm-package-license@3.0.1
77 silly idealTree │ │ │   │   ├─┬ spdx-correct@1.0.2
77 silly idealTree │ │ │   │   │ └── spdx-license-ids@1.2.0
77 silly idealTree │ │ │   │   └─┬ spdx-expression-parse@1.0.2
77 silly idealTree │ │ │   │     ├── spdx-exceptions@1.0.4
77 silly idealTree │ │ │   │     └── spdx-license-ids@1.2.0
77 silly idealTree │ │ │   ├── object-assign@4.0.1
77 silly idealTree │ │ │   ├─┬ read-pkg-up@1.0.1
77 silly idealTree │ │ │   │ ├─┬ find-up@1.1.2
77 silly idealTree │ │ │   │ │ ├── path-exists@2.1.0
77 silly idealTree │ │ │   │ │ └─┬ pinkie-promise@2.0.0
77 silly idealTree │ │ │   │ │   └── pinkie@2.0.4
77 silly idealTree │ │ │   │ └─┬ read-pkg@1.1.0
77 silly idealTree │ │ │   │   ├─┬ load-json-file@1.1.0
77 silly idealTree │ │ │   │   │ ├── graceful-fs@4.1.3
77 silly idealTree │ │ │   │   │ ├─┬ parse-json@2.2.0
77 silly idealTree │ │ │   │   │ │ └─┬ error-ex@1.3.0
77 silly idealTree │ │ │   │   │ │   └── is-arrayish@0.2.1
77 silly idealTree │ │ │   │   │ ├── pify@2.3.0
77 silly idealTree │ │ │   │   │ ├─┬ pinkie-promise@2.0.0
77 silly idealTree │ │ │   │   │ │ └── pinkie@2.0.4
77 silly idealTree │ │ │   │   │ └─┬ strip-bom@2.0.0
77 silly idealTree │ │ │   │   │   └── is-utf8@0.2.1
77 silly idealTree │ │ │   │   └─┬ path-type@1.1.0
77 silly idealTree │ │ │   │     ├── graceful-fs@4.1.3
77 silly idealTree │ │ │   │     ├── pify@2.3.0
77 silly idealTree │ │ │   │     └─┬ pinkie-promise@2.0.0
77 silly idealTree │ │ │   │       └── pinkie@2.0.4
77 silly idealTree │ │ │   ├─┬ redent@1.0.0
77 silly idealTree │ │ │   │ ├─┬ indent-string@2.1.0
77 silly idealTree │ │ │   │ │ └─┬ repeating@2.0.0
77 silly idealTree │ │ │   │ │   └─┬ is-finite@1.0.1
77 silly idealTree │ │ │   │ │     └── number-is-nan@1.0.0
77 silly idealTree │ │ │   │ └── strip-indent@1.0.1
77 silly idealTree │ │ │   └── trim-newlines@1.0.0
77 silly idealTree │ │ ├─┬ fancy-log@1.2.0
77 silly idealTree │ │ │ └── time-stamp@1.0.0
77 silly idealTree │ │ ├─┬ gulplog@1.0.0
77 silly idealTree │ │ │ └─┬ glogg@1.0.0
77 silly idealTree │ │ │   └── sparkles@1.0.0
77 silly idealTree │ │ ├─┬ has-gulplog@0.1.0
77 silly idealTree │ │ │ └── sparkles@1.0.0
77 silly idealTree │ │ ├── lodash._reescape@3.0.0
77 silly idealTree │ │ ├── lodash._reevaluate@3.0.0
77 silly idealTree │ │ ├── lodash._reinterpolate@3.0.0
77 silly idealTree │ │ ├─┬ lodash.template@3.6.2
77 silly idealTree │ │ │ ├── lodash._basecopy@3.0.1
77 silly idealTree │ │ │ ├── lodash._basetostring@3.0.1
77 silly idealTree │ │ │ ├── lodash._basevalues@3.0.0
77 silly idealTree │ │ │ ├── lodash._isiterateecall@3.0.9
77 silly idealTree │ │ │ ├─┬ lodash.escape@3.2.0
77 silly idealTree │ │ │ │ └── lodash._root@3.0.1
77 silly idealTree │ │ │ ├─┬ lodash.keys@3.1.2
77 silly idealTree │ │ │ │ ├── lodash._getnative@3.9.1
77 silly idealTree │ │ │ │ ├── lodash.isarguments@3.0.8
77 silly idealTree │ │ │ │ └── lodash.isarray@3.0.4
77 silly idealTree │ │ │ ├── lodash.restparam@3.6.1
77 silly idealTree │ │ │ └── lodash.templatesettings@3.1.1
77 silly idealTree │ │ ├── minimist@1.2.0
77 silly idealTree │ │ ├─┬ multipipe@0.1.2
77 silly idealTree │ │ │ └─┬ duplexer2@0.0.2
77 silly idealTree │ │ │   └─┬ readable-stream@1.1.13
77 silly idealTree │ │ │     ├── core-util-is@1.0.2
77 silly idealTree │ │ │     ├── inherits@2.0.1
77 silly idealTree │ │ │     ├── isarray@0.0.1
77 silly idealTree │ │ │     └── string_decoder@0.10.31
77 silly idealTree │ │ ├── object-assign@3.0.0
77 silly idealTree │ │ ├── replace-ext@0.0.1
77 silly idealTree │ │ ├─┬ through2@2.0.1
77 silly idealTree │ │ │ ├─┬ readable-stream@2.0.6
77 silly idealTree │ │ │ │ ├── core-util-is@1.0.2
77 silly idealTree │ │ │ │ ├── inherits@2.0.1
77 silly idealTree │ │ │ │ ├── isarray@1.0.0
77 silly idealTree │ │ │ │ ├── process-nextick-args@1.0.6
77 silly idealTree │ │ │ │ ├── string_decoder@0.10.31
77 silly idealTree │ │ │ │ └── util-deprecate@1.0.2
77 silly idealTree │ │ │ └── xtend@4.0.1
77 silly idealTree │ │ └─┬ vinyl@0.5.3
77 silly idealTree │ │   ├── clone-stats@0.0.1
77 silly idealTree │ │   └── clone@1.0.2
77 silly idealTree │ └─┬ nsp@2.3.0
77 silly idealTree │   ├─┬ chalk@1.1.3
77 silly idealTree │   │ ├── ansi-styles@2.2.1
77 silly idealTree │   │ ├── escape-string-regexp@1.0.5
77 silly idealTree │   │ ├─┬ has-ansi@2.0.0
77 silly idealTree │   │ │ └── ansi-regex@2.0.0
77 silly idealTree │   │ ├─┬ strip-ansi@3.0.1
77 silly idealTree │   │ │ └── ansi-regex@2.0.0
77 silly idealTree │   │ └── supports-color@2.0.0
77 silly idealTree │   ├─┬ cli-table@0.3.1
77 silly idealTree │   │ └── colors@1.0.3
77 silly idealTree │   ├─┬ https-proxy-agent@1.0.0
77 silly idealTree │   │ ├─┬ agent-base@2.0.1
77 silly idealTree │   │ │ └── semver@5.0.3
77 silly idealTree │   │ ├─┬ debug@2.2.0
77 silly idealTree │   │ │ └── ms@0.7.1
77 silly idealTree │   │ └── extend@3.0.0
77 silly idealTree │   ├─┬ joi@6.10.1
77 silly idealTree │   │ ├── hoek@2.16.3
77 silly idealTree │   │ ├── isemail@1.2.0
77 silly idealTree │   │ ├── moment@2.12.0
77 silly idealTree │   │ └── topo@1.1.0
77 silly idealTree │   ├─┬ nodesecurity-npm-utils@4.0.1
77 silly idealTree │   │ └─┬ silent-npm-registry-client@2.0.0
77 silly idealTree │   │   ├─┬ npm-registry-client@7.1.0
77 silly idealTree │   │   │ ├── chownr@1.0.1
77 silly idealTree │   │   │ ├─┬ concat-stream@1.5.1
77 silly idealTree │   │   │ │ ├── inherits@2.0.1
77 silly idealTree │   │   │ │ ├─┬ readable-stream@2.0.6
77 silly idealTree │   │   │ │ │ ├── core-util-is@1.0.2
77 silly idealTree │   │   │ │ │ ├── isarray@1.0.0
77 silly idealTree │   │   │ │ │ ├── process-nextick-args@1.0.6
77 silly idealTree │   │   │ │ │ ├── string_decoder@0.10.31
77 silly idealTree │   │   │ │ │ └── util-deprecate@1.0.2
77 silly idealTree │   │   │ │ └── typedarray@0.0.6
77 silly idealTree │   │   │ ├── graceful-fs@4.1.3
77 silly idealTree │   │   │ ├─┬ mkdirp@0.5.1
77 silly idealTree │   │   │ │ └── minimist@0.0.8
77 silly idealTree │   │   │ ├─┬ normalize-package-data@2.3.5
77 silly idealTree │   │   │ │ ├── hosted-git-info@2.1.4
77 silly idealTree │   │   │ │ ├─┬ is-builtin-module@1.0.0
77 silly idealTree │   │   │ │ │ └── builtin-modules@1.1.1
77 silly idealTree │   │   │ │ └─┬ validate-npm-package-license@3.0.1
77 silly idealTree │   │   │ │   ├─┬ spdx-correct@1.0.2
77 silly idealTree │   │   │ │   │ └── spdx-license-ids@1.2.0
77 silly idealTree │   │   │ │   └─┬ spdx-expression-parse@1.0.2
77 silly idealTree │   │   │ │     ├── spdx-exceptions@1.0.4
77 silly idealTree │   │   │ │     └── spdx-license-ids@1.2.0
77 silly idealTree │   │   │ ├─┬ npm-package-arg@4.1.0
77 silly idealTree │   │   │ │ └── hosted-git-info@2.1.4
77 silly idealTree │   │   │ ├─┬ npmlog@2.0.3
77 silly idealTree │   │   │ │ ├── ansi@0.3.1
77 silly idealTree │   │   │ │ ├─┬ are-we-there-yet@1.1.2
77 silly idealTree │   │   │ │ │ ├── delegates@1.0.0
77 silly idealTree │   │   │ │ │ └─┬ readable-stream@2.0.6
77 silly idealTree │   │   │ │ │   ├── core-util-is@1.0.2
77 silly idealTree │   │   │ │ │   ├── inherits@2.0.1
77 silly idealTree │   │   │ │ │   ├── isarray@1.0.0
77 silly idealTree │   │   │ │ │   ├── process-nextick-args@1.0.6
77 silly idealTree │   │   │ │ │   ├── string_decoder@0.10.31
77 silly idealTree │   │   │ │ │   └── util-deprecate@1.0.2
77 silly idealTree │   │   │ │ └─┬ gauge@1.2.7
77 silly idealTree │   │   │ │   ├── has-unicode@2.0.0
77 silly idealTree │   │   │ │   ├─┬ lodash.pad@4.1.0
77 silly idealTree │   │   │ │   │ ├── lodash.repeat@4.0.0
77 silly idealTree │   │   │ │   │ └── lodash.tostring@4.1.2
77 silly idealTree │   │   │ │   ├─┬ lodash.padend@4.2.0
77 silly idealTree │   │   │ │   │ ├── lodash.repeat@4.0.0
77 silly idealTree │   │   │ │   │ └── lodash.tostring@4.1.2
77 silly idealTree │   │   │ │   └─┬ lodash.padstart@4.2.0
77 silly idealTree │   │   │ │     ├── lodash.repeat@4.0.0
77 silly idealTree │   │   │ │     └── lodash.tostring@4.1.2
77 silly idealTree │   │   │ ├─┬ once@1.3.3
77 silly idealTree │   │   │ │ └── wrappy@1.0.1
77 silly idealTree │   │   │ ├─┬ request@2.69.0
77 silly idealTree │   │   │ │ ├── aws-sign2@0.6.0
77 silly idealTree │   │   │ │ ├─┬ aws4@1.3.2
77 silly idealTree │   │   │ │ │ └─┬ lru-cache@4.0.1
77 silly idealTree │   │   │ │ │   ├── pseudomap@1.0.2
77 silly idealTree │   │   │ │ │   └── yallist@2.0.0
77 silly idealTree │   │   │ │ ├─┬ bl@1.0.3
77 silly idealTree │   │   │ │ │ └─┬ readable-stream@2.0.6
77 silly idealTree │   │   │ │ │   ├── core-util-is@1.0.2
77 silly idealTree │   │   │ │ │   ├── inherits@2.0.1
77 silly idealTree │   │   │ │ │   ├── isarray@1.0.0
77 silly idealTree │   │   │ │ │   ├── process-nextick-args@1.0.6
77 silly idealTree │   │   │ │ │   ├── string_decoder@0.10.31
77 silly idealTree │   │   │ │ │   └── util-deprecate@1.0.2
77 silly idealTree │   │   │ │ ├── caseless@0.11.0
77 silly idealTree │   │   │ │ ├─┬ combined-stream@1.0.5
77 silly idealTree │   │   │ │ │ └── delayed-stream@1.0.0
77 silly idealTree │   │   │ │ ├── extend@3.0.0
77 silly idealTree │   │   │ │ ├── forever-agent@0.6.1
77 silly idealTree │   │   │ │ ├─┬ form-data@1.0.0-rc4
77 silly idealTree │   │   │ │ │ └── async@1.5.2
77 silly idealTree │   │   │ │ ├─┬ har-validator@2.0.6
77 silly idealTree │   │   │ │ │ ├─┬ commander@2.9.0
77 silly idealTree │   │   │ │ │ │ └── graceful-readlink@1.0.1
77 silly idealTree │   │   │ │ │ ├─┬ is-my-json-valid@2.13.1
77 silly idealTree │   │   │ │ │ │ ├── generate-function@2.0.0
77 silly idealTree │   │   │ │ │ │ ├─┬ generate-object-property@1.2.0
77 silly idealTree │   │   │ │ │ │ │ └── is-property@1.0.2
77 silly idealTree │   │   │ │ │ │ └── jsonpointer@2.0.0
77 silly idealTree │   │   │ │ │ └─┬ pinkie-promise@2.0.0
77 silly idealTree │   │   │ │ │   └── pinkie@2.0.4
77 silly idealTree │   │   │ │ ├─┬ hawk@3.1.3
77 silly idealTree │   │   │ │ │ ├── boom@2.10.1
77 silly idealTree │   │   │ │ │ ├── cryptiles@2.0.5
77 silly idealTree │   │   │ │ │ ├── hoek@2.16.3
77 silly idealTree │   │   │ │ │ └── sntp@1.0.9
77 silly idealTree │   │   │ │ ├─┬ http-signature@1.1.1
77 silly idealTree │   │   │ │ │ ├── assert-plus@0.2.0
77 silly idealTree │   │   │ │ │ ├─┬ jsprim@1.2.2
77 silly idealTree │   │   │ │ │ │ ├── extsprintf@1.0.2
77 silly idealTree │   │   │ │ │ │ ├── json-schema@0.2.2
77 silly idealTree │   │   │ │ │ │ └── verror@1.3.6
77 silly idealTree │   │   │ │ │ └─┬ sshpk@1.7.4
77 silly idealTree │   │   │ │ │   ├── asn1@0.2.3
77 silly idealTree │   │   │ │ │   ├─┬ dashdash@1.13.0
77 silly idealTree │   │   │ │ │   │ └── assert-plus@1.0.0
77 silly idealTree │   │   │ │ │   ├── ecc-jsbn@0.1.1
77 silly idealTree │   │   │ │ │   ├── jodid25519@1.0.2
77 silly idealTree │   │   │ │ │   ├── jsbn@0.1.0
77 silly idealTree │   │   │ │ │   └── tweetnacl@0.14.3
77 silly idealTree │   │   │ │ ├── is-typedarray@1.0.0
77 silly idealTree │   │   │ │ ├── isstream@0.1.2
77 silly idealTree │   │   │ │ ├── json-stringify-safe@5.0.1
77 silly idealTree │   │   │ │ ├─┬ mime-types@2.1.10
77 silly idealTree │   │   │ │ │ └── mime-db@1.22.0
77 silly idealTree │   │   │ │ ├── node-uuid@1.4.7
77 silly idealTree │   │   │ │ ├── oauth-sign@0.8.1
77 silly idealTree │   │   │ │ ├── qs@6.0.2
77 silly idealTree │   │   │ │ ├── stringstream@0.0.5
77 silly idealTree │   │   │ │ ├── tough-cookie@2.2.2
77 silly idealTree │   │   │ │ └── tunnel-agent@0.4.2
77 silly idealTree │   │   │ ├── retry@0.8.0
77 silly idealTree │   │   │ ├─┬ rimraf@2.5.2
77 silly idealTree │   │   │ │ └─┬ glob@7.0.3
77 silly idealTree │   │   │ │   ├─┬ inflight@1.0.4
77 silly idealTree │   │   │ │   │ └── wrappy@1.0.1
77 silly idealTree │   │   │ │   ├── inherits@2.0.1
77 silly idealTree │   │   │ │   └─┬ minimatch@3.0.0
77 silly idealTree │   │   │ │     └─┬ brace-expansion@1.1.3
77 silly idealTree │   │   │ │       ├── balanced-match@0.3.0
77 silly idealTree │   │   │ │       └── concat-map@0.0.1
77 silly idealTree │   │   │ └── slide@1.1.6
77 silly idealTree │   │   └── xtend@4.0.1
77 silly idealTree │   ├── path-is-absolute@1.0.0
77 silly idealTree │   ├─┬ rc@1.1.6
77 silly idealTree │   │ ├── deep-extend@0.4.1
77 silly idealTree │   │ ├── ini@1.3.4
77 silly idealTree │   │ ├── minimist@1.2.0
77 silly idealTree │   │ └── strip-json-comments@1.0.4
77 silly idealTree │   ├── semver@5.1.0
77 silly idealTree │   ├─┬ subcommand@2.0.3
77 silly idealTree │   │ ├── cliclopts@1.1.1
77 silly idealTree │   │ ├─┬ debug@2.2.0
77 silly idealTree │   │ │ └── ms@0.7.1
77 silly idealTree │   │ ├── minimist@1.2.0
77 silly idealTree │   │ └── xtend@4.0.1
77 silly idealTree │   └─┬ wreck@6.3.0
77 silly idealTree │     ├── boom@2.10.1
77 silly idealTree │     └── hoek@2.16.3
77 silly idealTree ├── gulp-plumber@1.1.0
77 silly idealTree ├─┬ gulp-util@3.0.8
77 silly idealTree │ ├── clone-stats@0.0.1
77 silly idealTree │ ├── object-assign@3.0.0
77 silly idealTree │ ├── replace-ext@0.0.1
77 silly idealTree │ └── vinyl@0.5.3
77 silly idealTree ├─┬ gulp@3.9.1
77 silly idealTree │ └── semver@4.3.6
77 silly idealTree ├── gulplog@1.0.0
77 silly idealTree ├─┬ handlebars@4.0.6
77 silly idealTree │ ├── async@1.5.2
77 silly idealTree │ └── source-map@0.4.4
77 silly idealTree ├── har-validator@2.0.6
77 silly idealTree ├── has-ansi@2.0.0
77 silly idealTree ├── has-flag@1.0.0
77 silly idealTree ├── has-gulplog@0.1.0
77 silly idealTree ├── hawk@3.1.3
77 silly idealTree ├── hoek@2.16.3
77 silly idealTree ├── homedir-polyfill@1.0.1
77 silly idealTree ├── hosted-git-info@2.2.0
77 silly idealTree ├── html-wiring@1.2.0
77 silly idealTree ├─┬ htmlparser2@3.8.3
77 silly idealTree │ ├── domutils@1.5.1
77 silly idealTree │ ├── entities@1.0.0
77 silly idealTree │ ├── isarray@0.0.1
77 silly idealTree │ └── readable-stream@1.1.14
77 silly idealTree ├── http-signature@1.1.1
77 silly idealTree ├── ignore@3.2.6
77 silly idealTree ├── imurmurhash@0.1.4
77 silly idealTree ├── indent-string@2.1.0
77 silly idealTree ├── inflight@1.0.6
77 silly idealTree ├── inherits@2.0.3
77 silly idealTree ├── ini@1.3.4
77 silly idealTree ├── inquirer@1.2.3
77 silly idealTree ├── interpret@1.0.1
77 silly idealTree ├── irregular-plurals@1.2.0
77 silly idealTree ├── is-absolute@0.2.6
77 silly idealTree ├── is-arrayish@0.2.1
77 silly idealTree ├── is-buffer@1.1.5
77 silly idealTree ├── is-builtin-module@1.0.0
77 silly idealTree ├── is-dotfile@1.0.2
77 silly idealTree ├── is-equal-shallow@0.1.3
77 silly idealTree ├── is-extendable@0.1.1
77 silly idealTree ├── is-extglob@1.0.0
77 silly idealTree ├── is-finite@1.0.2
77 silly idealTree ├── is-fullwidth-code-point@1.0.0
77 silly idealTree ├── is-glob@2.0.1
77 silly idealTree ├── is-my-json-valid@2.16.0
77 silly idealTree ├── is-number@2.1.0
77 silly idealTree ├── is-path-cwd@1.0.0
77 silly idealTree ├── is-path-in-cwd@1.0.0
77 silly idealTree ├── is-path-inside@1.0.0
77 silly idealTree ├── is-plain-obj@1.1.0
77 silly idealTree ├── is-posix-bracket@0.1.1
77 silly idealTree ├── is-primitive@2.0.0
77 silly idealTree ├── is-promise@2.1.0
77 silly idealTree ├── is-property@1.0.2
77 silly idealTree ├── is-redirect@1.0.0
77 silly idealTree ├── is-relative@0.2.1
77 silly idealTree ├── is-resolvable@1.0.0
77 silly idealTree ├── is-retry-allowed@1.1.0
77 silly idealTree ├── is-stream@1.1.0
77 silly idealTree ├── is-typedarray@1.0.0
77 silly idealTree ├── is-unc-path@0.1.2
77 silly idealTree ├── is-utf8@0.2.1
77 silly idealTree ├── is-windows@0.2.0
77 silly idealTree ├── isarray@1.0.0
77 silly idealTree ├── isexe@1.1.2
77 silly idealTree ├── isobject@2.1.0
77 silly idealTree ├── isstream@0.1.2
77 silly idealTree ├─┬ istanbul-threshold-checker@0.1.0
77 silly idealTree │ ├── async@1.5.2
77 silly idealTree │ ├─┬ escodegen@1.7.1
77 silly idealTree │ │ └── esprima@1.2.5
77 silly idealTree │ ├── esprima@2.5.0
77 silly idealTree │ ├── estraverse@1.9.3
77 silly idealTree │ ├── fast-levenshtein@1.0.7
77 silly idealTree │ ├── istanbul@0.3.22
77 silly idealTree │ ├── levn@0.2.5
77 silly idealTree │ ├── lodash@3.6.0
77 silly idealTree │ ├─┬ optionator@0.5.0
77 silly idealTree │ │ └── wordwrap@0.0.3
77 silly idealTree │ ├── resolve@1.1.7
77 silly idealTree │ └── supports-color@3.2.3
77 silly idealTree ├─┬ istanbul@0.4.5
77 silly idealTree │ ├── async@1.5.2
77 silly idealTree │ ├── esprima@2.7.3
77 silly idealTree │ ├── glob@5.0.15
77 silly idealTree │ ├── resolve@1.1.7
77 silly idealTree │ └── supports-color@3.2.3
77 silly idealTree ├── istextorbinary@2.1.0
77 silly idealTree ├── jodid25519@1.0.2
77 silly idealTree ├── js-tokens@3.0.1
77 silly idealTree ├── js-yaml@3.8.2
77 silly idealTree ├── jsbn@0.1.1
77 silly idealTree ├── json-schema@0.2.3
77 silly idealTree ├── json-stable-stringify@1.0.1
77 silly idealTree ├── json-stringify-safe@5.0.1
77 silly idealTree ├── json3@3.3.2
77 silly idealTree ├── jsonify@0.0.0
77 silly idealTree ├── jsonpointer@4.0.1
77 silly idealTree ├─┬ jsprim@1.4.0
77 silly idealTree │ └── assert-plus@1.0.0
77 silly idealTree ├── kind-of@3.1.0
77 silly idealTree ├── lazy-cache@1.0.4
77 silly idealTree ├── lcov-parse@0.0.10
77 silly idealTree ├── levn@0.3.0
77 silly idealTree ├── liftoff@2.3.0
77 silly idealTree ├── line-ending-corrector@1.0.0
77 silly idealTree ├── load-json-file@2.0.0
77 silly idealTree ├── locate-path@2.0.0
77 silly idealTree ├── lodash._baseassign@3.2.0
77 silly idealTree ├── lodash._basecopy@3.0.1
77 silly idealTree ├── lodash._basecreate@3.0.3
77 silly idealTree ├── lodash._basetostring@3.0.1
77 silly idealTree ├── lodash._basevalues@3.0.0
77 silly idealTree ├── lodash._getnative@3.9.1
77 silly idealTree ├── lodash._isiterateecall@3.0.9
77 silly idealTree ├── lodash._reescape@3.0.0
77 silly idealTree ├── lodash._reevaluate@3.0.0
77 silly idealTree ├── lodash._reinterpolate@3.0.0
77 silly idealTree ├── lodash._root@3.0.1
77 silly idealTree ├── lodash.assignwith@4.2.0
77 silly idealTree ├── lodash.create@3.1.1
77 silly idealTree ├── lodash.escape@3.2.0
77 silly idealTree ├── lodash.isarguments@3.1.0
77 silly idealTree ├── lodash.isarray@3.0.4
77 silly idealTree ├── lodash.isempty@4.4.0
77 silly idealTree ├── lodash.isplainobject@4.0.6
77 silly idealTree ├── lodash.isstring@4.0.1
77 silly idealTree ├── lodash.keys@3.1.2
77 silly idealTree ├── lodash.mapvalues@4.6.0
77 silly idealTree ├── lodash.pick@4.4.0
77 silly idealTree ├── lodash.restparam@3.6.1
77 silly idealTree ├── lodash.template@3.6.2
77 silly idealTree ├── lodash.templatesettings@3.1.1
77 silly idealTree ├── lodash@4.17.4
77 silly idealTree ├── log-driver@1.2.5
77 silly idealTree ├── log-symbols@1.0.2
77 silly idealTree ├── lolex@1.3.2
77 silly idealTree ├── longest@1.0.1
77 silly idealTree ├── loud-rejection@1.6.0
77 silly idealTree ├── lowercase-keys@1.0.0
77 silly idealTree ├── lru-cache@4.0.2
77 silly idealTree ├── map-cache@0.2.2
77 silly idealTree ├── map-obj@1.0.1
77 silly idealTree ├── mem-fs-editor@3.0.2
77 silly idealTree ├─┬ mem-fs@1.1.3
77 silly idealTree │ ├── clone-stats@0.0.1
77 silly idealTree │ ├── replace-ext@0.0.1
77 silly idealTree │ └── vinyl@1.2.0
77 silly idealTree ├─┬ meow@3.7.0
77 silly idealTree │ ├── find-up@1.1.2
77 silly idealTree │ ├── load-json-file@1.1.0
77 silly idealTree │ ├── object-assign@4.1.1
77 silly idealTree │ ├── path-exists@2.1.0
77 silly idealTree │ ├── path-type@1.1.0
77 silly idealTree │ ├── read-pkg-up@1.0.1
77 silly idealTree │ ├── read-pkg@1.1.0
77 silly idealTree │ └── strip-bom@2.0.0
77 silly idealTree ├── micromatch@2.3.11
77 silly idealTree ├── mime-db@1.26.0
77 silly idealTree ├── mime-types@2.1.14
77 silly idealTree ├── minimatch@3.0.3
77 silly idealTree ├── minimist@1.2.0
77 silly idealTree ├─┬ mkdirp@0.5.1
77 silly idealTree │ └── minimist@0.0.8
77 silly idealTree ├─┬ mocha@3.2.0
77 silly idealTree │ ├── debug@2.2.0
77 silly idealTree │ ├── diff@1.4.0
77 silly idealTree │ ├── glob@7.0.5
77 silly idealTree │ ├── ms@0.7.1
77 silly idealTree │ └── supports-color@3.1.2
77 silly idealTree ├── ms@0.7.2
77 silly idealTree ├── multimatch@2.1.0
77 silly idealTree ├── multipipe@0.1.2
77 silly idealTree ├── mute-stream@0.0.6
77 silly idealTree ├── natives@1.1.0
77 silly idealTree ├── natural-compare@1.4.0
77 silly idealTree ├── node-status-codes@1.0.0
77 silly idealTree ├── nopt@3.0.6
77 silly idealTree ├── normalize-package-data@2.3.6
77 silly idealTree ├── normalize-path@2.0.1
77 silly idealTree ├── nth-check@1.0.1
77 silly idealTree ├── number-is-nan@1.0.1
77 silly idealTree ├── oauth-sign@0.8.2
77 silly idealTree ├── object-assign@2.1.1
77 silly idealTree ├── object.omit@2.0.1
77 silly idealTree ├── once@1.4.0
77 silly idealTree ├── onetime@1.1.0
77 silly idealTree ├─┬ optimist@0.6.1
77 silly idealTree │ ├── minimist@0.0.10
77 silly idealTree │ └── wordwrap@0.0.3
77 silly idealTree ├── optionator@0.8.2
77 silly idealTree ├── orchestrator@0.3.8
77 silly idealTree ├── ordered-read-streams@0.1.0
77 silly idealTree ├── os-homedir@1.0.2
77 silly idealTree ├── os-shim@0.1.3
77 silly idealTree ├── os-tmpdir@1.0.2
77 silly idealTree ├── p-limit@1.1.0
77 silly idealTree ├── p-locate@2.0.0
77 silly idealTree ├── pad-component@0.0.1
77 silly idealTree ├── parse-filepath@1.0.1
77 silly idealTree ├── parse-glob@3.0.4
77 silly idealTree ├── parse-json@2.2.0
77 silly idealTree ├── parse-passwd@1.0.0
77 silly idealTree ├── path-exists@3.0.0
77 silly idealTree ├── path-is-absolute@1.0.1
77 silly idealTree ├── path-is-inside@1.0.2
77 silly idealTree ├── path-parse@1.0.5
77 silly idealTree ├── path-root-regex@0.1.2
77 silly idealTree ├── path-root@0.1.1
77 silly idealTree ├── path-type@2.0.0
77 silly idealTree ├── pify@2.3.0
77 silly idealTree ├── pinkie-promise@2.0.1
77 silly idealTree ├── pinkie@2.0.4
77 silly idealTree ├── plur@2.1.2
77 silly idealTree ├── pluralize@1.2.1
77 silly idealTree ├── prelude-ls@1.1.2
77 silly idealTree ├── prepend-http@1.0.4
77 silly idealTree ├── preserve@0.2.0
77 silly idealTree ├── pretty-bytes@4.0.2
77 silly idealTree ├── pretty-hrtime@1.0.3
77 silly idealTree ├── process-nextick-args@1.0.7
77 silly idealTree ├── progress@1.1.8
77 silly idealTree ├── pseudomap@1.0.2
77 silly idealTree ├── punycode@1.4.1
77 silly idealTree ├── qs@6.3.2
77 silly idealTree ├── randomatic@1.1.6
77 silly idealTree ├── read-all-stream@3.1.0
77 silly idealTree ├── read-chunk@2.0.0
77 silly idealTree ├── read-pkg-up@2.0.0
77 silly idealTree ├── read-pkg@2.0.0
77 silly idealTree ├── readable-stream@2.2.6
77 silly idealTree ├─┬ readline2@1.0.1
77 silly idealTree │ └── mute-stream@0.0.5
77 silly idealTree ├── rechoir@0.6.2
77 silly idealTree ├── redent@1.0.0
77 silly idealTree ├── regex-cache@0.4.3
77 silly idealTree ├── remove-trailing-separator@1.0.1
77 silly idealTree ├── repeat-element@1.1.2
77 silly idealTree ├── repeat-string@1.6.1
77 silly idealTree ├── repeating@2.0.1
77 silly idealTree ├── replace-ext@1.0.0
77 silly idealTree ├── req-cwd@1.0.1
77 silly idealTree ├─┬ req-from@1.0.1
77 silly idealTree │ └── resolve-from@2.0.0
77 silly idealTree ├── request@2.79.0
77 silly idealTree ├── require-uncached@1.0.3
77 silly idealTree ├── resolve-dir@0.1.1
77 silly idealTree ├── resolve-from@1.0.1
77 silly idealTree ├── resolve@1.3.2
77 silly idealTree ├── restore-cursor@1.0.1
77 silly idealTree ├── right-align@0.1.3
77 silly idealTree ├── rimraf@2.6.1
77 silly idealTree ├── run-async@2.3.0
77 silly idealTree ├── rx-lite@3.1.2
77 silly idealTree ├── rx@4.1.0
77 silly idealTree ├── safe-buffer@5.0.1
77 silly idealTree ├── samsam@1.1.2
77 silly idealTree ├── semver@5.3.0
77 silly idealTree ├── sequencify@0.0.7
77 silly idealTree ├── shebang-command@1.2.0
77 silly idealTree ├── shebang-regex@1.0.0
77 silly idealTree ├── shelljs@0.7.7
77 silly idealTree ├── sigmund@1.0.1
77 silly idealTree ├── signal-exit@3.0.2
77 silly idealTree ├── sinon@1.17.7
77 silly idealTree ├── slice-ansi@0.0.4
77 silly idealTree ├── sntp@1.0.9
77 silly idealTree ├── source-map@0.2.0
77 silly idealTree ├── sparkles@1.0.0
77 silly idealTree ├── spawn-sync@1.0.15
77 silly idealTree ├── spdx-correct@1.0.2
77 silly idealTree ├── spdx-expression-parse@1.0.4
77 silly idealTree ├── spdx-license-ids@1.2.2
77 silly idealTree ├── sprintf-js@1.0.3
77 silly idealTree ├─┬ sshpk@1.11.0
77 silly idealTree │ └── assert-plus@1.0.0
77 silly idealTree ├── stream-consume@0.1.0
77 silly idealTree ├── string_decoder@0.10.31
77 silly idealTree ├── string-template@0.2.1
77 silly idealTree ├── string-width@1.0.2
77 silly idealTree ├── stringstream@0.0.5
77 silly idealTree ├── strip-ansi@3.0.1
77 silly idealTree ├─┬ strip-bom-stream@2.0.0
77 silly idealTree │ └── strip-bom@2.0.0
77 silly idealTree ├── strip-bom@3.0.0
77 silly idealTree ├── strip-indent@1.0.1
77 silly idealTree ├── strip-json-comments@2.0.1
77 silly idealTree ├── supports-color@2.0.0
77 silly idealTree ├─┬ table@3.8.3
77 silly idealTree │ ├── is-fullwidth-code-point@2.0.0
77 silly idealTree │ └── string-width@2.0.0
77 silly idealTree ├── taketalk@1.0.0
77 silly idealTree ├─┬ temp@0.8.3
77 silly idealTree │ └── rimraf@2.2.8
77 silly idealTree ├── text-table@0.2.0
77 silly idealTree ├── textextensions@2.0.1
77 silly idealTree ├── through@2.3.8
77 silly idealTree ├── through2@2.0.3
77 silly idealTree ├── tildify@1.2.0
77 silly idealTree ├── time-stamp@1.0.1
77 silly idealTree ├── timed-out@4.0.1
77 silly idealTree ├── tmp@0.0.29
77 silly idealTree ├── tough-cookie@2.3.2
77 silly idealTree ├── traverse@0.6.6
77 silly idealTree ├── trim-newlines@1.0.0
77 silly idealTree ├── tryit@1.0.3
77 silly idealTree ├── tunnel-agent@0.4.3
77 silly idealTree ├── tweetnacl@0.14.5
77 silly idealTree ├── type-check@0.3.2
77 silly idealTree ├── typedarray@0.0.6
77 silly idealTree ├─┬ uglify-js@2.8.13
77 silly idealTree │ └── source-map@0.5.6
77 silly idealTree ├── uglify-to-browserify@1.0.2
77 silly idealTree ├── unc-path-regex@0.1.2
77 silly idealTree ├── underscore.string@3.3.4
77 silly idealTree ├── unique-stream@1.0.0
77 silly idealTree ├── untildify@2.1.0
77 silly idealTree ├── unzip-response@2.0.1
77 silly idealTree ├── url-parse-lax@1.0.0
77 silly idealTree ├── user-home@2.0.0
77 silly idealTree ├── util-deprecate@1.0.2
77 silly idealTree ├─┬ util@0.10.3
77 silly idealTree │ └── inherits@2.0.1
77 silly idealTree ├── uuid@3.0.1
77 silly idealTree ├─┬ v8flags@2.0.11
77 silly idealTree │ └── user-home@1.1.1
77 silly idealTree ├── validate-npm-package-license@3.0.1
77 silly idealTree ├── verror@1.3.6
77 silly idealTree ├─┬ vinyl-file@2.0.0
77 silly idealTree │ ├── clone-stats@0.0.1
77 silly idealTree │ ├── replace-ext@0.0.1
77 silly idealTree │ ├── strip-bom@2.0.0
77 silly idealTree │ └── vinyl@1.2.0
77 silly idealTree ├─┬ vinyl-fs@0.3.14
77 silly idealTree │ ├── clone-stats@0.0.1
77 silly idealTree │ ├── clone@0.2.0
77 silly idealTree │ ├── first-chunk-stream@1.0.0
77 silly idealTree │ ├── graceful-fs@3.0.11
77 silly idealTree │ ├── isarray@0.0.1
77 silly idealTree │ ├── readable-stream@1.0.34
77 silly idealTree │ ├── strip-bom@1.0.0
77 silly idealTree │ ├── through2@0.6.5
77 silly idealTree │ └── vinyl@0.4.6
77 silly idealTree ├─┬ vinyl-sourcemaps-apply@0.2.1
77 silly idealTree │ └── source-map@0.5.6
77 silly idealTree ├── vinyl@2.0.1
77 silly idealTree ├── which@1.2.12
77 silly idealTree ├── window-size@0.1.0
77 silly idealTree ├── wordwrap@1.0.0
77 silly idealTree ├── wrap-ansi@2.1.0
77 silly idealTree ├── wrappy@1.0.2
77 silly idealTree ├── write@0.2.1
77 silly idealTree ├── xtend@4.0.1
77 silly idealTree ├── yallist@2.1.2
77 silly idealTree ├── yargs@3.10.0
77 silly idealTree ├── yeoman-assert@2.2.3
77 silly idealTree ├─┬ yeoman-environment@1.6.6
77 silly idealTree │ ├── glob@6.0.4
77 silly idealTree │ ├── globby@4.1.0
77 silly idealTree │ └── object-assign@4.1.1
77 silly idealTree ├── yeoman-generator@1.1.1
77 silly idealTree ├─┬ yeoman-test@1.6.0
77 silly idealTree │ ├── clone-stats@0.0.1
77 silly idealTree │ ├── cross-spawn@4.0.2
77 silly idealTree │ ├── dargs@4.1.0
77 silly idealTree │ ├── dateformat@1.0.12
77 silly idealTree │ ├── duplexer2@0.1.4
77 silly idealTree │ ├── find-up@1.1.2
77 silly idealTree │ ├── gh-got@2.4.0
77 silly idealTree │ ├── github-username@2.1.0
77 silly idealTree │ ├─┬ globby@4.1.0
77 silly idealTree │ │ └── glob@6.0.4
77 silly idealTree │ ├── got@5.7.1
77 silly idealTree │ ├── load-json-file@1.1.0
77 silly idealTree │ ├── mem-fs-editor@2.3.0
77 silly idealTree │ ├── object-assign@4.1.1
77 silly idealTree │ ├── path-exists@2.1.0
77 silly idealTree │ ├── path-type@1.1.0
77 silly idealTree │ ├── pretty-bytes@3.0.1
77 silly idealTree │ ├── read-chunk@1.0.1
77 silly idealTree │ ├── read-pkg-up@1.0.1
77 silly idealTree │ ├── read-pkg@1.1.0
77 silly idealTree │ ├── replace-ext@0.0.1
77 silly idealTree │ ├── strip-bom@2.0.0
77 silly idealTree │ ├── timed-out@3.1.3
77 silly idealTree │ ├── unzip-response@1.0.2
77 silly idealTree │ ├── vinyl@1.2.0
77 silly idealTree │ └── yeoman-generator@0.24.1
77 silly idealTree ├── yeoman-welcome@1.0.1
77 silly idealTree └── yosay@1.2.1
78 silly generateActionsToTake Starting
79 silly install generateActionsToTake
80 silly generateActionsToTake Finishing
81 silly diffTrees action count 1
82 silly diffTrees add execxi@1.3.2
83 silly decomposeActions action count 8
84 silly decomposeActions fetch execxi@1.3.2
85 silly decomposeActions extract execxi@1.3.2
86 silly decomposeActions test execxi@1.3.2
87 silly decomposeActions preinstall execxi@1.3.2
88 silly decomposeActions build execxi@1.3.2
89 silly decomposeActions install execxi@1.3.2
90 silly decomposeActions postinstall execxi@1.3.2
91 silly decomposeActions finalize execxi@1.3.2
92 silly runTopLevelLifecycles Starting
93 silly executeActions Starting
94 silly install executeActions
95 silly doSerial global-install 0
96 silly doParallel fetch 1
97 verbose correctMkdir /Users/phillipchan/.npm/_locks correctMkdir not in flight; initializing
98 verbose lock using /Users/phillipchan/.npm/_locks/staging-a6a4bc503a124ee0.lock for /Users/phillipchan/Work/generator-sss/node_modules/.staging
99 silly doParallel extract 1
100 silly extract execxi@1.3.2
101 verbose unbuild node_modules/.staging/execxi-e1630424
102 silly gentlyRm /Users/phillipchan/Work/generator-sss/node_modules/.staging/execxi-e1630424 is being purged from base /Users/phillipchan/Work/generator-sss
103 verbose gentlyRm don't care about contents; nuking /Users/phillipchan/Work/generator-sss/node_modules/.staging/execxi-e1630424
104 verbose tar unpack /Users/phillipchan/.npm/execxi/1.3.2/package.tgz
105 verbose tar unpacking to /Users/phillipchan/Work/generator-sss/node_modules/.staging/execxi-e1630424
106 silly gentlyRm /Users/phillipchan/Work/generator-sss/node_modules/.staging/execxi-e1630424 is being purged
107 verbose gentlyRm don't care about contents; nuking /Users/phillipchan/Work/generator-sss/node_modules/.staging/execxi-e1630424
108 silly gunzTarPerm modes [ '755', '644' ]
109 silly gunzTarPerm extractEntry package.json
110 silly gunzTarPerm extractEntry .npmignore
111 silly gunzTarPerm extractEntry README.md
112 silly gunzTarPerm extractEntry Gruntfile.js
113 silly gunzTarPerm extractEntry test.js
114 silly gunzTarPerm extractEntry Makefile
115 silly gunzTarPerm extractEntry Public Member Functions.md
116 silly gunzTarPerm extractEntry .travis.yml
117 silly gunzTarPerm extractEntry V8LibraryDownload.md
118 silly gunzTarPerm extractEntry binding.gyp
119 silly gunzTarPerm extractEntry execxi.cpp
120 silly gunzTarPerm extractEntry Gruntfile.coffee
121 silly gunzTarPerm extractEntry tests/demo_test.js
122 silly gunzTarPerm extractEntry tests/echo_bytes_5000.sh
123 silly gunzTarPerm extractEntry tests/exit_0.sh
124 silly gunzTarPerm extractEntry tests/exit_1.sh
125 silly gunzTarPerm extractEntry tests/exit_2.sh
126 silly gentlyRm /Users/phillipchan/Work/generator-sss/node_modules/.staging/execxi-e1630424/node_modules is being purged
127 verbose gentlyRm don't care about contents; nuking /Users/phillipchan/Work/generator-sss/node_modules/.staging/execxi-e1630424/node_modules
128 silly doParallel preinstall 1
129 silly preinstall execxi@1.3.2
130 info lifecycle execxi@1.3.2~preinstall: execxi@1.3.2
131 verbose lifecycle execxi@1.3.2~preinstall: unsafe-perm in lifecycle true
132 verbose lifecycle execxi@1.3.2~preinstall: PATH: /usr/local/lib/node_modules/npm/bin/node-gyp-bin:/Users/phillipchan/Work/generator-sss/node_modules/.staging/execxi-e1630424/node_modules/.bin:/Users/phillipchan/Work/generator-sss/node_modules/.bin:/usr/local/bin:/Library/Frameworks/Python.framework/Versions/3.6/bin:/usr/local/bin:/usr/bin:/bin:/usr/sbin:/sbin
133 verbose lifecycle execxi@1.3.2~preinstall: CWD: /Users/phillipchan/Work/generator-sss/node_modules/.staging/execxi-e1630424
134 silly lifecycle execxi@1.3.2~preinstall: Args: [ '-c', 'make' ]
135 silly lifecycle execxi@1.3.2~preinstall: Returned: code: 2  signal: null
136 info lifecycle execxi@1.3.2~preinstall: Failed to exec preinstall script
137 verbose unlock done using /Users/phillipchan/.npm/_locks/staging-a6a4bc503a124ee0.lock for /Users/phillipchan/Work/generator-sss/node_modules/.staging
138 silly rollbackFailedOptional Starting
139 silly rollbackFailedOptional Finishing
140 silly runTopLevelLifecycles Finishing
141 silly install printInstalled
142 verbose stack Error: execxi@1.3.2 preinstall: `make`
142 verbose stack Exit status 2
142 verbose stack     at EventEmitter.<anonymous> (/usr/local/lib/node_modules/npm/lib/utils/lifecycle.js:279:16)
142 verbose stack     at emitTwo (events.js:106:13)
142 verbose stack     at EventEmitter.emit (events.js:191:7)
142 verbose stack     at ChildProcess.<anonymous> (/usr/local/lib/node_modules/npm/lib/utils/spawn.js:40:14)
142 verbose stack     at emitTwo (events.js:106:13)
142 verbose stack     at ChildProcess.emit (events.js:191:7)
142 verbose stack     at maybeClose (internal/child_process.js:885:16)
142 verbose stack     at Process.ChildProcess._handle.onexit (internal/child_process.js:226:5)
143 verbose pkgid execxi@1.3.2
144 verbose cwd /Users/phillipchan/Work/generator-sss
145 error Darwin 16.1.0
146 error argv "/usr/local/bin/node" "/usr/local/bin/npm" "install" "execxi" "--save"
147 error node v7.2.0
148 error npm  v4.0.3
149 error code ELIFECYCLE
150 error execxi@1.3.2 preinstall: `make`
150 error Exit status 2
151 error Failed at the execxi@1.3.2 preinstall script 'make'.
151 error Make sure you have the latest version of node.js and npm installed.
151 error If you do, this is most likely a problem with the execxi package,
151 error not with npm itself.
151 error Tell the author that this fails on your system:
151 error     make
151 error You can get information on how to open an issue for this project with:
151 error     npm bugs execxi
151 error Or if that isn't available, you can get their info via:
151 error     npm owner ls execxi
151 error There is likely additional logging output above.
152 verbose exit [ 1, true ]
